<?xml version="1.0" encoding="UTF-8"?>
<testsuite xmlns:xsi="http://www.w3.org/2001/XMLSchema-instance" xsi:noNamespaceSchemaLocation="https://maven.apache.org/surefire/maven-surefire-plugin/xsd/surefire-test-report.xsd" version="3.0.2" name="com.devsync.admin.AdminControllerTest" time="37.382" tests="42" errors="0" skipped="0" failures="0">
  <properties>
[...]
</properties>
  <testcase name="check_shouldReturnIsAdminTrue_ForAdmin" classname="com.devsync.admin.AdminControllerTest" time="0.555">
    <system-out><![CDATA[12:53:05.033 [main] INFO org.springframework.test.context.support.AnnotationConfigContextLoaderUtils -- Could not detect default configuration classes for test class [com.devsync.admin.AdminControllerTest]: AdminControllerTest does not declare any static, non-private, non-final, nested classes annotated with @Configuration.
12:53:05.687 [main] INFO org.springframework.boot.test.context.SpringBootTestContextBootstrapper -- Found @SpringBootConfiguration com.devsync.DevSyncApplication for test class com.devsync.admin.AdminControllerTest
12:53:06.194 [main] INFO org.springframework.boot.devtools.restart.RestartApplicationListener -- Restart disabled due to context in which it is running
12:53:04,603 |-INFO in ch.qos.logback.classic.LoggerContext[default] - This is logback-classic version 1.5.22
12:53:04,637 |-INFO in ch.qos.logback.classic.util.ContextInitializer@7ae590f6 - Here is a list of configurators discovered as a service, by rank: 
12:53:04,637 |-INFO in ch.qos.logback.classic.util.ContextInitializer@7ae590f6 -   org.springframework.boot.logging.logback.RootLogLevelConfigurator
12:53:04,637 |-INFO in ch.qos.logback.classic.util.ContextInitializer@7ae590f6 - They will be invoked in order until ExecutionStatus.DO_NOT_INVOKE_NEXT_IF_ANY is returned.
12:53:04,637 |-INFO in ch.qos.logback.classic.util.ContextInitializer@7ae590f6 - Constructed configurator of type class org.springframework.boot.logging.logback.RootLogLevelConfigurator
12:53:04,658 |-INFO in ch.qos.logback.classic.util.ContextInitializer@7ae590f6 - org.springframework.boot.logging.logback.RootLogLevelConfigurator.configure() call lasted 1 milliseconds. ExecutionStatus=INVOKE_NEXT_IF_ANY
12:53:04,658 |-INFO in ch.qos.logback.classic.util.ContextInitializer@7ae590f6 - Trying to configure with ch.qos.logback.classic.util.DefaultJoranConfigurator
12:53:04,659 |-INFO in ch.qos.logback.classic.util.ContextInitializer@7ae590f6 - Constructed configurator of type class ch.qos.logback.classic.util.DefaultJoranConfigurator
12:53:04,660 |-INFO in ch.qos.logback.classic.LoggerContext[default] - Could NOT find resource [logback-test.xml]
12:53:04,661 |-INFO in ch.qos.logback.classic.LoggerContext[default] - Could NOT find resource [logback.xml]
12:53:04,661 |-INFO in ch.qos.logback.classic.util.ContextInitializer@7ae590f6 - ch.qos.logback.classic.util.DefaultJoranConfigurator.configure() call lasted 2 milliseconds. ExecutionStatus=INVOKE_NEXT_IF_ANY
12:53:04,661 |-INFO in ch.qos.logback.classic.util.ContextInitializer@7ae590f6 - Trying to configure with ch.qos.logback.classic.BasicConfigurator
12:53:04,663 |-INFO in ch.qos.logback.classic.util.ContextInitializer@7ae590f6 - Constructed configurator of type class ch.qos.logback.classic.BasicConfigurator
12:53:04,663 |-INFO in ch.qos.logback.classic.BasicConfigurator@7ab63838 - Setting up default configuration.
12:53:04,688 |-INFO in ch.qos.logback.core.ConsoleAppender[console] - NOTE: Writing to the console can be slow. Try to avoid logging to the 
12:53:04,688 |-INFO in ch.qos.logback.core.ConsoleAppender[console] - console in production environments, especially in high volume systems.
12:53:04,688 |-INFO in ch.qos.logback.core.ConsoleAppender[console] - See also https://logback.qos.ch/codes.html#slowConsole
12:53:04,695 |-INFO in ch.qos.logback.classic.util.ContextInitializer@7ae590f6 - ch.qos.logback.classic.BasicConfigurator.configure() call lasted 32 milliseconds. ExecutionStatus=NEUTRAL
12:53:07,117 |-INFO in ch.qos.logback.core.joran.util.ConfigurationWatchListUtil@4e974b9e - Will not add configuration file [jar:file:/C:/Users/NAKULSHARMA/.m2/repository/org/springframework/boot/spring-boot/3.4.13/spring-boot-3.4.13.jar!/org/springframework/boot/logging/logback/defaults.xml] to watch list, because 'jar' protocol is not watchable.
12:53:07,117 |-INFO in ch.qos.logback.core.joran.util.ConfigurationWatchListUtil@4e974b9e - Only the protocols 'file', 'http' and 'https' are watchable.
12:53:07,145 |-INFO in ch.qos.logback.core.model.processor.ConversionRuleModelHandler - registering conversion word applicationName with class [org.springframework.boot.logging.logback.ApplicationNameConverter]
12:53:07,146 |-INFO in ch.qos.logback.core.model.processor.ConversionRuleModelHandler - registering conversion word clr with class [org.springframework.boot.logging.logback.ColorConverter]
12:53:07,146 |-INFO in ch.qos.logback.core.model.processor.ConversionRuleModelHandler - registering conversion word correlationId with class [org.springframework.boot.logging.logback.CorrelationIdConverter]
12:53:07,146 |-INFO in ch.qos.logback.core.model.processor.ConversionRuleModelHandler - registering conversion word esb with class [org.springframework.boot.logging.logback.EnclosedInSquareBracketsConverter]
12:53:07,146 |-INFO in ch.qos.logback.core.model.processor.ConversionRuleModelHandler - registering conversion word wex with class [org.springframework.boot.logging.logback.WhitespaceThrowableProxyConverter]
12:53:07,146 |-INFO in ch.qos.logback.core.model.processor.ConversionRuleModelHandler - registering conversion word wEx with class [org.springframework.boot.logging.logback.ExtendedWhitespaceThrowableProxyConverter]
12:53:07,150 |-INFO in ch.qos.logback.core.model.processor.ModelInterpretationContext@370c7cc5 - value "%clr(%d{yyyy-MM-dd'T'HH:mm:ss.SSSXXX}){faint} %clr(%5p){} %clr(7464){magenta} %clr(--- %esb(){APPLICATION_NAME}%esb{APPLICATION_GROUP}[%15.15t] ){faint}%clr(%-40.40logger{39}){cyan} %clr(:){faint} %m%n%wEx" substituted for "${CONSOLE_LOG_PATTERN:-%clr(%d{${LOG_DATEFORMAT_PATTERN:-yyyy-MM-dd'T'HH:mm:ss.SSSXXX}}){faint} %clr(${LOG_LEVEL_PATTERN:-%5p}){} %clr(${PID:-}){magenta} %clr(--- %esb(){APPLICATION_NAME}%esb{APPLICATION_GROUP}[%15.15t] ${LOG_CORRELATION_PATTERN:-}){faint}%clr(%-40.40logger{39}){cyan} %clr(:){faint} %m%n${LOG_EXCEPTION_CONVERSION_WORD:-%wEx}}"
12:53:07,150 |-INFO in ch.qos.logback.core.model.processor.ModelInterpretationContext@370c7cc5 - value "UTF-8" substituted for "${CONSOLE_LOG_CHARSET:-${file.encoding:-UTF-8}}"
12:53:07,150 |-INFO in ch.qos.logback.core.model.processor.ModelInterpretationContext@370c7cc5 - value "TRACE" substituted for "${CONSOLE_LOG_THRESHOLD:-TRACE}"
12:53:07,150 |-INFO in ch.qos.logback.core.model.processor.ModelInterpretationContext@370c7cc5 - value "" substituted for "${CONSOLE_LOG_STRUCTURED_FORMAT:-}"
12:53:07,153 |-INFO in ch.qos.logback.core.model.processor.ModelInterpretationContext@370c7cc5 - value "%d{yyyy-MM-dd'T'HH:mm:ss.SSSXXX} %5p 7464 --- %esb(){APPLICATION_NAME}%esb{APPLICATION_GROUP}[%t] %-40.40logger{39} : %m%n%wEx" substituted for "${FILE_LOG_PATTERN:-%d{${LOG_DATEFORMAT_PATTERN:-yyyy-MM-dd'T'HH:mm:ss.SSSXXX}} ${LOG_LEVEL_PATTERN:-%5p} ${PID:-} --- %esb(){APPLICATION_NAME}%esb{APPLICATION_GROUP}[%t] ${LOG_CORRELATION_PATTERN:-}%-40.40logger{39} : %m%n${LOG_EXCEPTION_CONVERSION_WORD:-%wEx}}"
12:53:07,153 |-INFO in ch.qos.logback.core.model.processor.ModelInterpretationContext@370c7cc5 - value "UTF-8" substituted for "${FILE_LOG_CHARSET:-${file.encoding:-UTF-8}}"
12:53:07,153 |-INFO in ch.qos.logback.core.model.processor.ModelInterpretationContext@370c7cc5 - value "TRACE" substituted for "${FILE_LOG_THRESHOLD:-TRACE}"
12:53:07,154 |-INFO in ch.qos.logback.core.model.processor.ModelInterpretationContext@370c7cc5 - value "" substituted for "${FILE_LOG_STRUCTURED_FORMAT:-}"
12:53:07,164 |-INFO in ch.qos.logback.classic.model.processor.ConfigurationModelHandlerFull - Main configuration file URL: file:/C:/Users/NAKULSHARMA/Downloads/developmentsync-main/backend/target/classes/logback-spring.xml
12:53:07,165 |-INFO in ch.qos.logback.classic.model.processor.ConfigurationModelHandlerFull - FileWatchList= {C:\Users\NAKULSHARMA\Downloads\developmentsync-main\backend\target\classes\logback-spring.xml}
12:53:07,166 |-INFO in ch.qos.logback.classic.model.processor.ConfigurationModelHandlerFull - URLWatchList= {}
12:53:07,169 |-INFO in ch.qos.logback.classic.model.processor.LoggerModelHandler - Setting level of logger [org.apache.catalina.startup.DigesterFactory] to ERROR
12:53:07,170 |-INFO in ch.qos.logback.classic.jul.LevelChangePropagator@61b838f2 - Propagating ERROR level on Logger[org.apache.catalina.startup.DigesterFactory] onto the JUL framework
12:53:07,171 |-INFO in ch.qos.logback.classic.model.processor.LoggerModelHandler - Setting level of logger [org.apache.catalina.util.LifecycleBase] to ERROR
12:53:07,171 |-INFO in ch.qos.logback.classic.jul.LevelChangePropagator@61b838f2 - Propagating ERROR level on Logger[org.apache.catalina.util.LifecycleBase] onto the JUL framework
12:53:07,172 |-INFO in ch.qos.logback.classic.model.processor.LoggerModelHandler - Setting level of logger [org.apache.coyote.http11.Http11NioProtocol] to WARN
12:53:07,172 |-INFO in ch.qos.logback.classic.jul.LevelChangePropagator@61b838f2 - Propagating WARN level on Logger[org.apache.coyote.http11.Http11NioProtocol] onto the JUL framework
12:53:07,173 |-INFO in ch.qos.logback.classic.model.processor.LoggerModelHandler - Setting level of logger [org.apache.sshd.common.util.SecurityUtils] to WARN
12:53:07,173 |-INFO in ch.qos.logback.classic.jul.LevelChangePropagator@61b838f2 - Propagating WARN level on Logger[org.apache.sshd.common.util.SecurityUtils] onto the JUL framework
12:53:07,173 |-INFO in ch.qos.logback.classic.model.processor.LoggerModelHandler - Setting level of logger [org.apache.tomcat.util.net.NioSelectorPool] to WARN
12:53:07,173 |-INFO in ch.qos.logback.classic.jul.LevelChangePropagator@61b838f2 - Propagating WARN level on Logger[org.apache.tomcat.util.net.NioSelectorPool] onto the JUL framework
12:53:07,173 |-INFO in ch.qos.logback.classic.model.processor.LoggerModelHandler - Setting level of logger [org.eclipse.jetty.util.component.AbstractLifeCycle] to ERROR
12:53:07,173 |-INFO in ch.qos.logback.classic.jul.LevelChangePropagator@61b838f2 - Propagating ERROR level on Logger[org.eclipse.jetty.util.component.AbstractLifeCycle] onto the JUL framework
12:53:07,174 |-INFO in ch.qos.logback.classic.model.processor.LoggerModelHandler - Setting level of logger [org.hibernate.validator.internal.util.Version] to WARN
12:53:07,174 |-INFO in ch.qos.logback.classic.jul.LevelChangePropagator@61b838f2 - Propagating WARN level on Logger[org.hibernate.validator.internal.util.Version] onto the JUL framework
12:53:07,174 |-INFO in ch.qos.logback.classic.model.processor.LoggerModelHandler - Setting level of logger [org.springframework.boot.actuate.endpoint.jmx] to WARN
12:53:07,174 |-INFO in ch.qos.logback.classic.jul.LevelChangePropagator@61b838f2 - Propagating WARN level on Logger[org.springframework.boot.actuate.endpoint.jmx] onto the JUL framework
12:53:07,175 |-INFO in ch.qos.logback.core.model.processor.AppenderModelHandler - Processing appender named [CONSOLE]
12:53:07,175 |-INFO in ch.qos.logback.core.model.processor.AppenderModelHandler - About to instantiate appender of type [ch.qos.logback.core.ConsoleAppender]
12:53:07,188 |-INFO in ch.qos.logback.core.model.processor.ImplicitModelHandler - Assuming default type [ch.qos.logback.classic.encoder.PatternLayoutEncoder] for [encoder] property
12:53:07,298 |-INFO in ch.qos.logback.core.ConsoleAppender[CONSOLE] - NOTE: Writing to the console can be slow. Try to avoid logging to the 
12:53:07,298 |-INFO in ch.qos.logback.core.ConsoleAppender[CONSOLE] - console in production environments, especially in high volume systems.
12:53:07,298 |-INFO in ch.qos.logback.core.ConsoleAppender[CONSOLE] - See also https://logback.qos.ch/codes.html#slowConsole
12:53:07,299 |-WARN in ch.qos.logback.core.model.processor.AppenderModelHandler - Appender named [JSON_FILE] not referenced. Skipping further processing.
12:53:07,299 |-WARN in ch.qos.logback.core.model.processor.AppenderModelHandler - Appender named [FILE] not referenced. Skipping further processing.
12:53:07,299 |-INFO in ch.qos.logback.classic.model.processor.RootLoggerModelHandler - Setting level of ROOT logger to INFO
12:53:07,299 |-INFO in ch.qos.logback.classic.jul.LevelChangePropagator@61b838f2 - Propagating INFO level on Logger[ROOT] onto the JUL framework
12:53:07,299 |-INFO in ch.qos.logback.core.model.processor.AppenderRefModelHandler - Attaching appender named [CONSOLE] to Logger[ROOT]
12:53:07,300 |-INFO in ch.qos.logback.classic.model.processor.LoggerModelHandler - Setting level of logger [com.devsync] to DEBUG
12:53:07,300 |-INFO in ch.qos.logback.classic.jul.LevelChangePropagator@61b838f2 - Propagating DEBUG level on Logger[com.devsync] onto the JUL framework
12:53:07,300 |-INFO in ch.qos.logback.classic.model.processor.LoggerModelHandler - Setting level of logger [org.springframework.security] to INFO
12:53:07,300 |-INFO in ch.qos.logback.classic.jul.LevelChangePropagator@61b838f2 - Propagating INFO level on Logger[org.springframework.security] onto the JUL framework
12:53:07,300 |-INFO in ch.qos.logback.core.model.processor.DefaultProcessor@2a04ab05 - End of configuration.
12:53:07,301 |-INFO in org.springframework.boot.logging.logback.SpringBootJoranConfigurator@5ebbde60 - Registering current configuration as safe fallback point


  .   ____          _            __ _ _
 /\\ / ___'_ __ _ _(_)_ __  __ _ \ \ \ \
( ( )\___ | '_ | '_| | '_ \/ _` | \ \ \ \
 \\/  ___)| |_)| | | | | || (_| |  ) ) ) )
  '  |____| .__|_| |_|_| |_\__, | / / / /
 =========|_|==============|___/=/_/_/_/

 :: Spring Boot ::               (v3.4.13)

2026-08-11 12:53:07.617 [main] &amp#27;[34mINFO &amp#27;[0;39m &amp#27;[36mc.devsync.admin.AdminControllerTest&amp#27;[0;39m - Starting AdminControllerTest using Java 21.0.11 with PID 7464 (started by NAKULSHARMA in C:\Users\NAKULSHARMA\Downloads\developmentsync-main\backend)
2026-08-11 12:53:07.619 [main] &amp#27;[34mINFO &amp#27;[0;39m &amp#27;[36mc.devsync.admin.AdminControllerTest&amp#27;[0;39m - The following 1 profile is active: "test"
2026-08-11 12:53:13.011 [main] &amp#27;[34mINFO &amp#27;[0;39m &amp#27;[36mo.s.d.r.c.RepositoryConfigurationDelegate&amp#27;[0;39m - Bootstrapping Spring Data JPA repositories in DEFAULT mode.
2026-08-11 12:53:13.731 [main] &amp#27;[34mINFO &amp#27;[0;39m &amp#27;[36mo.s.d.r.c.RepositoryConfigurationDelegate&amp#27;[0;39m - Finished Spring Data repository scanning in 695 ms. Found 25 JPA repository interfaces.
2026-08-11 12:53:16.697 [main] &amp#27;[34mINFO &amp#27;[0;39m &amp#27;[36mo.h.jpa.internal.util.LogHelper&amp#27;[0;39m - HHH000204: Processing PersistenceUnitInfo [name: default]
2026-08-11 12:53:16.947 [main] &amp#27;[34mINFO &amp#27;[0;39m &amp#27;[36morg.hibernate.Version&amp#27;[0;39m - HHH000412: Hibernate ORM core version 6.6.39.Final
2026-08-11 12:53:17.149 [main] &amp#27;[34mINFO &amp#27;[0;39m &amp#27;[36mo.h.c.i.RegionFactoryInitiator&amp#27;[0;39m - HHH000026: Second-level cache disabled
2026-08-11 12:53:18.040 [main] &amp#27;[34mINFO &amp#27;[0;39m &amp#27;[36mo.s.o.j.p.SpringPersistenceUnitInfo&amp#27;[0;39m - No LoadTimeWeaver setup: ignoring JPA class transformer
2026-08-11 12:53:18.291 [main] &amp#27;[34mINFO &amp#27;[0;39m &amp#27;[36mcom.zaxxer.hikari.HikariDataSource&amp#27;[0;39m - HikariPool-1 - Starting...
2026-08-11 12:53:19.460 [main] &amp#27;[34mINFO &amp#27;[0;39m &amp#27;[36mcom.zaxxer.hikari.pool.HikariPool&amp#27;[0;39m - HikariPool-1 - Added connection conn0: url=jdbc:h2:mem:testdb user=SA
2026-08-11 12:53:19.464 [main] &amp#27;[34mINFO &amp#27;[0;39m &amp#27;[36mcom.zaxxer.hikari.HikariDataSource&amp#27;[0;39m - HikariPool-1 - Start completed.
2026-08-11 12:53:19.560 [main] &amp#27;[31mWARN &amp#27;[0;39m &amp#27;[36morg.hibernate.orm.deprecation&amp#27;[0;39m - HHH90000025: H2Dialect does not need to be specified explicitly using 'hibernate.dialect' (remove the property setting and it will be selected by default)
2026-08-11 12:53:19.705 [main] &amp#27;[34mINFO &amp#27;[0;39m &amp#27;[36mo.hibernate.orm.connections.pooling&amp#27;[0;39m - HHH10001005: Database info:
	Database JDBC URL [Connecting through datasource 'HikariDataSource (HikariPool-1)']
	Database driver: undefined/unknown
	Database version: 2.3.232
	Autocommit mode: undefined/unknown
	Isolation level: undefined/unknown
	Minimum pool size: undefined/unknown
	Maximum pool size: undefined/unknown
2026-08-11 12:53:19.807 [main] &amp#27;[31mWARN &amp#27;[0;39m &amp#27;[36morg.hibernate.orm.incubating&amp#27;[0;39m - HHH90006001: Encountered incubating setting [hibernate.type.preferred_instant_jdbc_type].  See javadoc on corresponding `org.hibernate.cfg.AvailableSettings` constant for details.
2026-08-11 12:53:20.817 [main] &amp#27;[31mWARN &amp#27;[0;39m &amp#27;[36morg.hibernate.orm.incubating&amp#27;[0;39m - HHH90006001: Encountered incubating setting [hibernate.type.preferred_instant_jdbc_type].  See javadoc on corresponding `org.hibernate.cfg.AvailableSettings` constant for details.
2026-08-11 12:53:20.818 [main] &amp#27;[31mWARN &amp#27;[0;39m &amp#27;[36morg.hibernate.orm.incubating&amp#27;[0;39m - HHH90006001: Encountered incubating setting [hibernate.type.preferred_instant_jdbc_type].  See javadoc on corresponding `org.hibernate.cfg.AvailableSettings` constant for details.
2026-08-11 12:53:20.826 [main] &amp#27;[31mWARN &amp#27;[0;39m &amp#27;[36morg.hibernate.orm.incubating&amp#27;[0;39m - HHH90006001: Encountered incubating setting [hibernate.type.preferred_instant_jdbc_type].  See javadoc on corresponding `org.hibernate.cfg.AvailableSettings` constant for details.
2026-08-11 12:53:20.827 [main] &amp#27;[31mWARN &amp#27;[0;39m &amp#27;[36morg.hibernate.orm.incubating&amp#27;[0;39m - HHH90006001: Encountered incubating setting [hibernate.type.preferred_instant_jdbc_type].  See javadoc on corresponding `org.hibernate.cfg.AvailableSettings` constant for details.
2026-08-11 12:53:20.833 [main] &amp#27;[31mWARN &amp#27;[0;39m &amp#27;[36morg.hibernate.orm.incubating&amp#27;[0;39m - HHH90006001: Encountered incubating setting [hibernate.type.preferred_instant_jdbc_type].  See javadoc on corresponding `org.hibernate.cfg.AvailableSettings` constant for details.
2026-08-11 12:53:20.833 [main] &amp#27;[31mWARN &amp#27;[0;39m &amp#27;[36morg.hibernate.orm.incubating&amp#27;[0;39m - HHH90006001: Encountered incubating setting [hibernate.type.preferred_instant_jdbc_type].  See javadoc on corresponding `org.hibernate.cfg.AvailableSettings` constant for details.
2026-08-11 12:53:20.835 [main] &amp#27;[31mWARN &amp#27;[0;39m &amp#27;[36morg.hibernate.orm.incubating&amp#27;[0;39m - HHH90006001: Encountered incubating setting [hibernate.type.preferred_instant_jdbc_type].  See javadoc on corresponding `org.hibernate.cfg.AvailableSettings` constant for details.
2026-08-11 12:53:20.839 [main] &amp#27;[31mWARN &amp#27;[0;39m &amp#27;[36morg.hibernate.orm.incubating&amp#27;[0;39m - HHH90006001: Encountered incubating setting [hibernate.type.preferred_instant_jdbc_type].  See javadoc on corresponding `org.hibernate.cfg.AvailableSettings` constant for details.
2026-08-11 12:53:20.839 [main] &amp#27;[31mWARN &amp#27;[0;39m &amp#27;[36morg.hibernate.orm.incubating&amp#27;[0;39m - HHH90006001: Encountered incubating setting [hibernate.type.preferred_instant_jdbc_type].  See javadoc on corresponding `org.hibernate.cfg.AvailableSettings` constant for details.
2026-08-11 12:53:20.840 [main] &amp#27;[31mWARN &amp#27;[0;39m &amp#27;[36morg.hibernate.orm.incubating&amp#27;[0;39m - HHH90006001: Encountered incubating setting [hibernate.type.preferred_instant_jdbc_type].  See javadoc on corresponding `org.hibernate.cfg.AvailableSettings` constant for details.
2026-08-11 12:53:20.840 [main] &amp#27;[31mWARN &amp#27;[0;39m &amp#27;[36morg.hibernate.orm.incubating&amp#27;[0;39m - HHH90006001: Encountered incubating setting [hibernate.type.preferred_instant_jdbc_type].  See javadoc on corresponding `org.hibernate.cfg.AvailableSettings` constant for details.
2026-08-11 12:53:20.841 [main] &amp#27;[31mWARN &amp#27;[0;39m &amp#27;[36morg.hibernate.orm.incubating&amp#27;[0;39m - HHH90006001: Encountered incubating setting [hibernate.type.preferred_instant_jdbc_type].  See javadoc on corresponding `org.hibernate.cfg.AvailableSettings` constant for details.
2026-08-11 12:53:20.841 [main] &amp#27;[31mWARN &amp#27;[0;39m &amp#27;[36morg.hibernate.orm.incubating&amp#27;[0;39m - HHH90006001: Encountered incubating setting [hibernate.type.preferred_instant_jdbc_type].  See javadoc on corresponding `org.hibernate.cfg.AvailableSettings` constant for details.
2026-08-11 12:53:20.842 [main] &amp#27;[31mWARN &amp#27;[0;39m &amp#27;[36morg.hibernate.orm.incubating&amp#27;[0;39m - HHH90006001: Encountered incubating setting [hibernate.type.preferred_instant_jdbc_type].  See javadoc on corresponding `org.hibernate.cfg.AvailableSettings` constant for details.
2026-08-11 12:53:20.843 [main] &amp#27;[31mWARN &amp#27;[0;39m &amp#27;[36morg.hibernate.orm.incubating&amp#27;[0;39m - HHH90006001: Encountered incubating setting [hibernate.type.preferred_instant_jdbc_type].  See javadoc on corresponding `org.hibernate.cfg.AvailableSettings` constant for details.
2026-08-11 12:53:20.843 [main] &amp#27;[31mWARN &amp#27;[0;39m &amp#27;[36morg.hibernate.orm.incubating&amp#27;[0;39m - HHH90006001: Encountered incubating setting [hibernate.type.preferred_instant_jdbc_type].  See javadoc on corresponding `org.hibernate.cfg.AvailableSettings` constant for details.
2026-08-11 12:53:20.843 [main] &amp#27;[31mWARN &amp#27;[0;39m &amp#27;[36morg.hibernate.orm.incubating&amp#27;[0;39m - HHH90006001: Encountered incubating setting [hibernate.type.preferred_instant_jdbc_type].  See javadoc on corresponding `org.hibernate.cfg.AvailableSettings` constant for details.
2026-08-11 12:53:20.844 [main] &amp#27;[31mWARN &amp#27;[0;39m &amp#27;[36morg.hibernate.orm.incubating&amp#27;[0;39m - HHH90006001: Encountered incubating setting [hibernate.type.preferred_instant_jdbc_type].  See javadoc on corresponding `org.hibernate.cfg.AvailableSettings` constant for details.
2026-08-11 12:53:20.845 [main] &amp#27;[31mWARN &amp#27;[0;39m &amp#27;[36morg.hibernate.orm.incubating&amp#27;[0;39m - HHH90006001: Encountered incubating setting [hibernate.type.preferred_instant_jdbc_type].  See javadoc on corresponding `org.hibernate.cfg.AvailableSettings` constant for details.
2026-08-11 12:53:20.848 [main] &amp#27;[31mWARN &amp#27;[0;39m &amp#27;[36morg.hibernate.orm.incubating&amp#27;[0;39m - HHH90006001: Encountered incubating setting [hibernate.type.preferred_instant_jdbc_type].  See javadoc on corresponding `org.hibernate.cfg.AvailableSettings` constant for details.
2026-08-11 12:53:20.848 [main] &amp#27;[31mWARN &amp#27;[0;39m &amp#27;[36morg.hibernate.orm.incubating&amp#27;[0;39m - HHH90006001: Encountered incubating setting [hibernate.type.preferred_instant_jdbc_type].  See javadoc on corresponding `org.hibernate.cfg.AvailableSettings` constant for details.
2026-08-11 12:53:20.849 [main] &amp#27;[31mWARN &amp#27;[0;39m &amp#27;[36morg.hibernate.orm.incubating&amp#27;[0;39m - HHH90006001: Encountered incubating setting [hibernate.type.preferred_instant_jdbc_type].  See javadoc on corresponding `org.hibernate.cfg.AvailableSettings` constant for details.
2026-08-11 12:53:20.850 [main] &amp#27;[31mWARN &amp#27;[0;39m &amp#27;[36morg.hibernate.orm.incubating&amp#27;[0;39m - HHH90006001: Encountered incubating setting [hibernate.type.preferred_instant_jdbc_type].  See javadoc on corresponding `org.hibernate.cfg.AvailableSettings` constant for details.
2026-08-11 12:53:20.850 [main] &amp#27;[31mWARN &amp#27;[0;39m &amp#27;[36morg.hibernate.orm.incubating&amp#27;[0;39m - HHH90006001: Encountered incubating setting [hibernate.type.preferred_instant_jdbc_type].  See javadoc on corresponding `org.hibernate.cfg.AvailableSettings` constant for details.
2026-08-11 12:53:20.851 [main] &amp#27;[31mWARN &amp#27;[0;39m &amp#27;[36morg.hibernate.orm.incubating&amp#27;[0;39m - HHH90006001: Encountered incubating setting [hibernate.type.preferred_instant_jdbc_type].  See javadoc on corresponding `org.hibernate.cfg.AvailableSettings` constant for details.
2026-08-11 12:53:20.851 [main] &amp#27;[31mWARN &amp#27;[0;39m &amp#27;[36morg.hibernate.orm.incubating&amp#27;[0;39m - HHH90006001: Encountered incubating setting [hibernate.type.preferred_instant_jdbc_type].  See javadoc on corresponding `org.hibernate.cfg.AvailableSettings` constant for details.
2026-08-11 12:53:20.852 [main] &amp#27;[31mWARN &amp#27;[0;39m &amp#27;[36morg.hibernate.orm.incubating&amp#27;[0;39m - HHH90006001: Encountered incubating setting [hibernate.type.preferred_instant_jdbc_type].  See javadoc on corresponding `org.hibernate.cfg.AvailableSettings` constant for details.
2026-08-11 12:53:20.856 [main] &amp#27;[31mWARN &amp#27;[0;39m &amp#27;[36morg.hibernate.orm.incubating&amp#27;[0;39m - HHH90006001: Encountered incubating setting [hibernate.type.preferred_instant_jdbc_type].  See javadoc on corresponding `org.hibernate.cfg.AvailableSettings` constant for details.
2026-08-11 12:53:20.856 [main] &amp#27;[31mWARN &amp#27;[0;39m &amp#27;[36morg.hibernate.orm.incubating&amp#27;[0;39m - HHH90006001: Encountered incubating setting [hibernate.type.preferred_instant_jdbc_type].  See javadoc on corresponding `org.hibernate.cfg.AvailableSettings` constant for details.
2026-08-11 12:53:20.857 [main] &amp#27;[31mWARN &amp#27;[0;39m &amp#27;[36morg.hibernate.orm.incubating&amp#27;[0;39m - HHH90006001: Encountered incubating setting [hibernate.type.preferred_instant_jdbc_type].  See javadoc on corresponding `org.hibernate.cfg.AvailableSettings` constant for details.
2026-08-11 12:53:20.858 [main] &amp#27;[31mWARN &amp#27;[0;39m &amp#27;[36morg.hibernate.orm.incubating&amp#27;[0;39m - HHH90006001: Encountered incubating setting [hibernate.type.preferred_instant_jdbc_type].  See javadoc on corresponding `org.hibernate.cfg.AvailableSettings` constant for details.
2026-08-11 12:53:20.858 [main] &amp#27;[31mWARN &amp#27;[0;39m &amp#27;[36morg.hibernate.orm.incubating&amp#27;[0;39m - HHH90006001: Encountered incubating setting [hibernate.type.preferred_instant_jdbc_type].  See javadoc on corresponding `org.hibernate.cfg.AvailableSettings` constant for details.
2026-08-11 12:53:20.859 [main] &amp#27;[31mWARN &amp#27;[0;39m &amp#27;[36morg.hibernate.orm.incubating&amp#27;[0;39m - HHH90006001: Encountered incubating setting [hibernate.type.preferred_instant_jdbc_type].  See javadoc on corresponding `org.hibernate.cfg.AvailableSettings` constant for details.
2026-08-11 12:53:20.859 [main] &amp#27;[31mWARN &amp#27;[0;39m &amp#27;[36morg.hibernate.orm.incubating&amp#27;[0;39m - HHH90006001: Encountered incubating setting [hibernate.type.preferred_instant_jdbc_type].  See javadoc on corresponding `org.hibernate.cfg.AvailableSettings` constant for details.
2026-08-11 12:53:20.863 [main] &amp#27;[31mWARN &amp#27;[0;39m &amp#27;[36morg.hibernate.orm.incubating&amp#27;[0;39m - HHH90006001: Encountered incubating setting [hibernate.type.preferred_instant_jdbc_type].  See javadoc on corresponding `org.hibernate.cfg.AvailableSettings` constant for details.
2026-08-11 12:53:20.863 [main] &amp#27;[31mWARN &amp#27;[0;39m &amp#27;[36morg.hibernate.orm.incubating&amp#27;[0;39m - HHH90006001: Encountered incubating setting [hibernate.type.preferred_instant_jdbc_type].  See javadoc on corresponding `org.hibernate.cfg.AvailableSettings` constant for details.
2026-08-11 12:53:20.864 [main] &amp#27;[31mWARN &amp#27;[0;39m &amp#27;[36morg.hibernate.orm.incubating&amp#27;[0;39m - HHH90006001: Encountered incubating setting [hibernate.type.preferred_instant_jdbc_type].  See javadoc on corresponding `org.hibernate.cfg.AvailableSettings` constant for details.
2026-08-11 12:53:20.865 [main] &amp#27;[31mWARN &amp#27;[0;39m &amp#27;[36morg.hibernate.orm.incubating&amp#27;[0;39m - HHH90006001: Encountered incubating setting [hibernate.type.preferred_instant_jdbc_type].  See javadoc on corresponding `org.hibernate.cfg.AvailableSettings` constant for details.
2026-08-11 12:53:20.866 [main] &amp#27;[31mWARN &amp#27;[0;39m &amp#27;[36morg.hibernate.orm.incubating&amp#27;[0;39m - HHH90006001: Encountered incubating setting [hibernate.type.preferred_instant_jdbc_type].  See javadoc on corresponding `org.hibernate.cfg.AvailableSettings` constant for details.
2026-08-11 12:53:20.867 [main] &amp#27;[31mWARN &amp#27;[0;39m &amp#27;[36morg.hibernate.orm.incubating&amp#27;[0;39m - HHH90006001: Encountered incubating setting [hibernate.type.preferred_instant_jdbc_type].  See javadoc on corresponding `org.hibernate.cfg.AvailableSettings` constant for details.
2026-08-11 12:53:20.867 [main] &amp#27;[31mWARN &amp#27;[0;39m &amp#27;[36morg.hibernate.orm.incubating&amp#27;[0;39m - HHH90006001: Encountered incubating setting [hibernate.type.preferred_instant_jdbc_type].  See javadoc on corresponding `org.hibernate.cfg.AvailableSettings` constant for details.
2026-08-11 12:53:20.868 [main] &amp#27;[31mWARN &amp#27;[0;39m &amp#27;[36morg.hibernate.orm.incubating&amp#27;[0;39m - HHH90006001: Encountered incubating setting [hibernate.type.preferred_instant_jdbc_type].  See javadoc on corresponding `org.hibernate.cfg.AvailableSettings` constant for details.
2026-08-11 12:53:20.871 [main] &amp#27;[31mWARN &amp#27;[0;39m &amp#27;[36morg.hibernate.orm.incubating&amp#27;[0;39m - HHH90006001: Encountered incubating setting [hibernate.type.preferred_instant_jdbc_type].  See javadoc on corresponding `org.hibernate.cfg.AvailableSettings` constant for details.
2026-08-11 12:53:20.873 [main] &amp#27;[31mWARN &amp#27;[0;39m &amp#27;[36morg.hibernate.orm.incubating&amp#27;[0;39m - HHH90006001: Encountered incubating setting [hibernate.type.preferred_instant_jdbc_type].  See javadoc on corresponding `org.hibernate.cfg.AvailableSettings` constant for details.
2026-08-11 12:53:20.874 [main] &amp#27;[31mWARN &amp#27;[0;39m &amp#27;[36morg.hibernate.orm.incubating&amp#27;[0;39m - HHH90006001: Encountered incubating setting [hibernate.type.preferred_instant_jdbc_type].  See javadoc on corresponding `org.hibernate.cfg.AvailableSettings` constant for details.
2026-08-11 12:53:20.875 [main] &amp#27;[31mWARN &amp#27;[0;39m &amp#27;[36morg.hibernate.orm.incubating&amp#27;[0;39m - HHH90006001: Encountered incubating setting [hibernate.type.preferred_instant_jdbc_type].  See javadoc on corresponding `org.hibernate.cfg.AvailableSettings` constant for details.
2026-08-11 12:53:20.877 [main] &amp#27;[31mWARN &amp#27;[0;39m &amp#27;[36morg.hibernate.orm.incubating&amp#27;[0;39m - HHH90006001: Encountered incubating setting [hibernate.type.preferred_instant_jdbc_type].  See javadoc on corresponding `org.hibernate.cfg.AvailableSettings` constant for details.
2026-08-11 12:53:20.878 [main] &amp#27;[31mWARN &amp#27;[0;39m &amp#27;[36morg.hibernate.orm.incubating&amp#27;[0;39m - HHH90006001: Encountered incubating setting [hibernate.type.preferred_instant_jdbc_type].  See javadoc on corresponding `org.hibernate.cfg.AvailableSettings` constant for details.
2026-08-11 12:53:20.880 [main] &amp#27;[31mWARN &amp#27;[0;39m &amp#27;[36morg.hibernate.orm.incubating&amp#27;[0;39m - HHH90006001: Encountered incubating setting [hibernate.type.preferred_instant_jdbc_type].  See javadoc on corresponding `org.hibernate.cfg.AvailableSettings` constant for details.
2026-08-11 12:53:20.880 [main] &amp#27;[31mWARN &amp#27;[0;39m &amp#27;[36morg.hibernate.orm.incubating&amp#27;[0;39m - HHH90006001: Encountered incubating setting [hibernate.type.preferred_instant_jdbc_type].  See javadoc on corresponding `org.hibernate.cfg.AvailableSettings` constant for details.
2026-08-11 12:53:20.882 [main] &amp#27;[31mWARN &amp#27;[0;39m &amp#27;[36morg.hibernate.orm.incubating&amp#27;[0;39m - HHH90006001: Encountered incubating setting [hibernate.type.preferred_instant_jdbc_type].  See javadoc on corresponding `org.hibernate.cfg.AvailableSettings` constant for details.
2026-08-11 12:53:20.882 [main] &amp#27;[31mWARN &amp#27;[0;39m &amp#27;[36morg.hibernate.orm.incubating&amp#27;[0;39m - HHH90006001: Encountered incubating setting [hibernate.type.preferred_instant_jdbc_type].  See javadoc on corresponding `org.hibernate.cfg.AvailableSettings` constant for details.
2026-08-11 12:53:20.883 [main] &amp#27;[31mWARN &amp#27;[0;39m &amp#27;[36morg.hibernate.orm.incubating&amp#27;[0;39m - HHH90006001: Encountered incubating setting [hibernate.type.preferred_instant_jdbc_type].  See javadoc on corresponding `org.hibernate.cfg.AvailableSettings` constant for details.
2026-08-11 12:53:20.883 [main] &amp#27;[31mWARN &amp#27;[0;39m &amp#27;[36morg.hibernate.orm.incubating&amp#27;[0;39m - HHH90006001: Encountered incubating setting [hibernate.type.preferred_instant_jdbc_type].  See javadoc on corresponding `org.hibernate.cfg.AvailableSettings` constant for details.
2026-08-11 12:53:20.883 [main] &amp#27;[31mWARN &amp#27;[0;39m &amp#27;[36morg.hibernate.orm.incubating&amp#27;[0;39m - HHH90006001: Encountered incubating setting [hibernate.type.preferred_instant_jdbc_type].  See javadoc on corresponding `org.hibernate.cfg.AvailableSettings` constant for details.
2026-08-11 12:53:20.884 [main] &amp#27;[31mWARN &amp#27;[0;39m &amp#27;[36morg.hibernate.orm.incubating&amp#27;[0;39m - HHH90006001: Encountered incubating setting [hibernate.type.preferred_instant_jdbc_type].  See javadoc on corresponding `org.hibernate.cfg.AvailableSettings` constant for details.
2026-08-11 12:53:20.884 [main] &amp#27;[31mWARN &amp#27;[0;39m &amp#27;[36morg.hibernate.orm.incubating&amp#27;[0;39m - HHH90006001: Encountered incubating setting [hibernate.type.preferred_instant_jdbc_type].  See javadoc on corresponding `org.hibernate.cfg.AvailableSettings` constant for details.
2026-08-11 12:53:20.885 [main] &amp#27;[31mWARN &amp#27;[0;39m &amp#27;[36morg.hibernate.orm.incubating&amp#27;[0;39m - HHH90006001: Encountered incubating setting [hibernate.type.preferred_instant_jdbc_type].  See javadoc on corresponding `org.hibernate.cfg.AvailableSettings` constant for details.
2026-08-11 12:53:20.885 [main] &amp#27;[31mWARN &amp#27;[0;39m &amp#27;[36morg.hibernate.orm.incubating&amp#27;[0;39m - HHH90006001: Encountered incubating setting [hibernate.type.preferred_instant_jdbc_type].  See javadoc on corresponding `org.hibernate.cfg.AvailableSettings` constant for details.
2026-08-11 12:53:20.888 [main] &amp#27;[31mWARN &amp#27;[0;39m &amp#27;[36morg.hibernate.orm.incubating&amp#27;[0;39m - HHH90006001: Encountered incubating setting [hibernate.type.preferred_instant_jdbc_type].  See javadoc on corresponding `org.hibernate.cfg.AvailableSettings` constant for details.
2026-08-11 12:53:20.889 [main] &amp#27;[31mWARN &amp#27;[0;39m &amp#27;[36morg.hibernate.orm.incubating&amp#27;[0;39m - HHH90006001: Encountered incubating setting [hibernate.type.preferred_instant_jdbc_type].  See javadoc on corresponding `org.hibernate.cfg.AvailableSettings` constant for details.
2026-08-11 12:53:20.890 [main] &amp#27;[31mWARN &amp#27;[0;39m &amp#27;[36morg.hibernate.orm.incubating&amp#27;[0;39m - HHH90006001: Encountered incubating setting [hibernate.type.preferred_instant_jdbc_type].  See javadoc on corresponding `org.hibernate.cfg.AvailableSettings` constant for details.
2026-08-11 12:53:20.950 [main] &amp#27;[31mWARN &amp#27;[0;39m &amp#27;[36morg.hibernate.orm.incubating&amp#27;[0;39m - HHH90006001: Encountered incubating setting [hibernate.type.preferred_instant_jdbc_type].  See javadoc on corresponding `org.hibernate.cfg.AvailableSettings` constant for details.
2026-08-11 12:53:24.025 [main] &amp#27;[34mINFO &amp#27;[0;39m &amp#27;[36mo.h.e.t.j.p.i.JtaPlatformInitiator&amp#27;[0;39m - HHH000489: No JTA platform available (set 'hibernate.transaction.jta.platform' to enable JTA platform integration)
2026-08-11 12:53:24.246 [main] &amp#27;[34mINFO &amp#27;[0;39m &amp#27;[36mo.s.o.j.LocalContainerEntityManagerFactoryBean&amp#27;[0;39m - Initialized JPA EntityManagerFactory for persistence unit 'default'
2026-08-11 12:53:25.259 [main] &amp#27;[34mINFO &amp#27;[0;39m &amp#27;[36mo.s.d.j.r.query.QueryEnhancerFactory&amp#27;[0;39m - Hibernate is in classpath; If applicable, HQL parser will be used.
2026-08-11 12:53:35.225 [main] &amp#27;[31mWARN &amp#27;[0;39m &amp#27;[36mo.s.b.a.o.j.JpaBaseConfiguration$JpaWebConfiguration&amp#27;[0;39m - spring.jpa.open-in-view is enabled by default. Therefore, database queries may be performed during view rendering. Explicitly configure spring.jpa.open-in-view to disable this warning
2026-08-11 12:53:35.292 [main] &amp#27;[34mINFO &amp#27;[0;39m &amp#27;[36mo.s.s.c.a.a.c.InitializeUserDetailsBeanManagerConfigurer$InitializeUserDetailsManagerConfigurer&amp#27;[0;39m - Global AuthenticationManager configured with UserDetailsService bean with name userDetailsServiceImpl
2026-08-11 12:53:36.821 [main] &amp#27;[34mINFO &amp#27;[0;39m &amp#27;[36mo.s.b.a.e.web.EndpointLinksResolver&amp#27;[0;39m - Exposing 2 endpoints beneath base path '/actuator'
2026-08-11 12:53:38.951 [main] &amp#27;[34mINFO &amp#27;[0;39m &amp#27;[36mo.s.b.t.m.w.SpringBootMockServletContext&amp#27;[0;39m - Initializing Spring TestDispatcherServlet ''
2026-08-11 12:53:38.952 [main] &amp#27;[34mINFO &amp#27;[0;39m &amp#27;[36mo.s.t.w.s.TestDispatcherServlet&amp#27;[0;39m - Initializing Servlet ''
2026-08-11 12:53:38.956 [main] &amp#27;[34mINFO &amp#27;[0;39m &amp#27;[36mo.s.t.w.s.TestDispatcherServlet&amp#27;[0;39m - Completed initialization in 4 ms
2026-08-11 12:53:39.139 [main] &amp#27;[34mINFO &amp#27;[0;39m &amp#27;[36mo.s.m.s.b.SimpleBrokerMessageHandler&amp#27;[0;39m - Starting...
2026-08-11 12:53:39.140 [main] &amp#27;[34mINFO &amp#27;[0;39m &amp#27;[36mo.s.m.s.b.SimpleBrokerMessageHandler&amp#27;[0;39m - BrokerAvailabilityEvent[available=true, SimpleBrokerMessageHandler [org.springframework.messaging.simp.broker.DefaultSubscriptionRegistry@59d3495a]]
2026-08-11 12:53:39.142 [main] &amp#27;[34mINFO &amp#27;[0;39m &amp#27;[36mo.s.m.s.b.SimpleBrokerMessageHandler&amp#27;[0;39m - Started.
2026-08-11 12:53:39.196 [main] &amp#27;[34mINFO &amp#27;[0;39m &amp#27;[36mc.devsync.admin.AdminControllerTest&amp#27;[0;39m - Started AdminControllerTest in 33.038 seconds (process running for 41.932)
2026-08-11 12:53:39.446 [main] &amp#27;[34mINFO &amp#27;[0;39m &amp#27;[36mcom.devsync.config.DataInitializer&amp#27;[0;39m - Admin seeding disabled. To seed a bootstrap admin, set DEVSYNC_ADMIN_SEED_ENABLED=true with DEVSYNC_ADMIN_EMAIL and DEVSYNC_ADMIN_PASSWORD.
]]></system-out>
  </testcase>
  <testcase name="adminActivity_shouldReturn200_ForAdmin" classname="com.devsync.admin.AdminControllerTest" time="0.148"/>
  <testcase name="users_shouldReturn403_ForNormalUser" classname="com.devsync.admin.AdminControllerTest" time="0.041"/>
  <testcase name="projectDetail_shouldReturn404_WhenNotFound" classname="com.devsync.admin.AdminControllerTest" time="0.061"/>
  <testcase name="auditLogs_shouldReturn401_WhenNoToken" classname="com.devsync.admin.AdminControllerTest" time="0.035"/>
  <testcase name="archiveProject_shouldReturn200_ForAdmin" classname="com.devsync.admin.AdminControllerTest" time="0.054"/>
  <testcase name="deleteProject_shouldReturn403_ForNormalUser" classname="com.devsync.admin.AdminControllerTest" time="0.032"/>
  <testcase name="deleteUser_shouldReturn403_ForNormalUser" classname="com.devsync.admin.AdminControllerTest" time="0.026"/>
  <testcase name="adminActivity_shouldReturn403_ForNormalUser" classname="com.devsync.admin.AdminControllerTest" time="0.026"/>
  <testcase name="usersPaged_shouldReturn403_ForNormalUser" classname="com.devsync.admin.AdminControllerTest" time="0.026"/>
  <testcase name="archiveProject_shouldReturn403_ForNormalUser" classname="com.devsync.admin.AdminControllerTest" time="0.025"/>
  <testcase name="blockUser_shouldReturn403_ForNormalUser" classname="com.devsync.admin.AdminControllerTest" time="0.024"/>
  <testcase name="projectStats_shouldReturn403_ForNormalUser" classname="com.devsync.admin.AdminControllerTest" time="0.026"/>
  <testcase name="dashboard_shouldReturn401_WhenNoToken" classname="com.devsync.admin.AdminControllerTest" time="0.027"/>
  <testcase name="updateVisibility_shouldReturn403_ForNormalUser" classname="com.devsync.admin.AdminControllerTest" time="0.027"/>
  <testcase name="auditLogExport_shouldReturn403_ForNormalUser" classname="com.devsync.admin.AdminControllerTest" time="0.023"/>
  <testcase name="userDetail_shouldReturn200_ForAdmin" classname="com.devsync.admin.AdminControllerTest" time="0.056"/>
  <testcase name="deleteProject_shouldReturn204_ForAdmin" classname="com.devsync.admin.AdminControllerTest" time="0.032"/>
  <testcase name="updateVisibility_shouldReturn200_ForAdmin" classname="com.devsync.admin.AdminControllerTest" time="0.222"/>
  <testcase name="projectDetail_shouldReturn200_ForAdmin" classname="com.devsync.admin.AdminControllerTest" time="0.065"/>
  <testcase name="auditLogs_shouldReturn403_ForNormalUser" classname="com.devsync.admin.AdminControllerTest" time="0.022"/>
  <testcase name="dashboard_shouldReturn200_ForAdmin" classname="com.devsync.admin.AdminControllerTest" time="0.068"/>
  <testcase name="usersPaged_shouldReturn200_WithPageResponse_ForAdmin" classname="com.devsync.admin.AdminControllerTest" time="0.044"/>
  <testcase name="projectsPage_shouldReturn403_ForNormalUser" classname="com.devsync.admin.AdminControllerTest" time="0.027"/>
  <testcase name="blockUser_shouldAcceptReasonBody" classname="com.devsync.admin.AdminControllerTest" time="0.034"/>
  <testcase name="deleteUser_shouldReturn204_ForAdmin" classname="com.devsync.admin.AdminControllerTest" time="0.022"/>
  <testcase name="projectStats_shouldReturn200_ForAdmin" classname="com.devsync.admin.AdminControllerTest" time="0.023"/>
  <testcase name="updateVisibility_shouldReturn400_WhenBlank" classname="com.devsync.admin.AdminControllerTest" time="0.035"/>
  <testcase name="usersPaged_shouldPassCreatedDateFiltersToService" classname="com.devsync.admin.AdminControllerTest" time="0.035"/>
  <testcase name="userDetail_shouldReturn404_WhenNotFound" classname="com.devsync.admin.AdminControllerTest" time="0.048"/>
  <testcase name="restoreProject_shouldReturn200_ForAdmin" classname="com.devsync.admin.AdminControllerTest" time="0.016"/>
  <testcase name="userDetail_shouldReturn403_ForNormalUser" classname="com.devsync.admin.AdminControllerTest" time="0.013"/>
  <testcase name="auditLogDetail_shouldReturn200_ForAdmin" classname="com.devsync.admin.AdminControllerTest" time="0.023"/>
  <testcase name="auditLogExport_shouldReturnCsv_ForAdmin" classname="com.devsync.admin.AdminControllerTest" time="0.034"/>
  <testcase name="dashboard_shouldReturn403_ForNormalUser" classname="com.devsync.admin.AdminControllerTest" time="0.015"/>
  <testcase name="users_shouldReturn401_WhenNoToken" classname="com.devsync.admin.AdminControllerTest" time="0.014"/>
  <testcase name="users_shouldReturn200_ForAdmin" classname="com.devsync.admin.AdminControllerTest" time="0.025"/>
  <testcase name="adminActivityStats_shouldReturn200_ForAdmin" classname="com.devsync.admin.AdminControllerTest" time="0.028"/>
  <testcase name="projectsPage_shouldReturn200_ForAdmin" classname="com.devsync.admin.AdminControllerTest" time="0.028"/>
  <testcase name="auditLogs_shouldReturn200_ForAdmin" classname="com.devsync.admin.AdminControllerTest" time="0.028"/>
  <testcase name="projects_shouldReturn401_WhenNoToken" classname="com.devsync.admin.AdminControllerTest" time="0.017"/>
  <testcase name="projectDetail_shouldReturn403_ForNormalUser" classname="com.devsync.admin.AdminControllerTest" time="0.023"/>
</testsuite>