<?xml version="1.0" encoding="UTF-8"?>
<testsuite xmlns:xsi="http://www.w3.org/2001/XMLSchema-instance" xsi:noNamespaceSchemaLocation="https://maven.apache.org/surefire/maven-surefire-plugin/xsd/surefire-test-report.xsd" version="3.0.2" name="com.devsync.message.WebSocketAuthTest" time="27.272" tests="6" errors="0" skipped="0" failures="0">
  <properties>
[...]
</properties>
  <testcase name="connect_withGarbageToken_isRejected" classname="com.devsync.message.WebSocketAuthTest" time="5.073">
    <system-out><![CDATA[2026-08-10 21:14:08.755 [main] &amp#27;[34mINFO &amp#27;[0;39m &amp#27;[36mo.s.t.c.s.AnnotationConfigContextLoaderUtils&amp#27;[0;39m - Could not detect default configuration classes for test class [com.devsync.message.WebSocketAuthTest]: WebSocketAuthTest does not declare any static, non-private, non-final, nested classes annotated with @Configuration.
2026-08-10 21:14:08.817 [main] &amp#27;[34mINFO &amp#27;[0;39m &amp#27;[36mo.s.b.t.c.SpringBootTestContextBootstrapper&amp#27;[0;39m - Found @SpringBootConfiguration com.devsync.DevSyncApplication for test class com.devsync.message.WebSocketAuthTest
2026-08-10 21:14:08.817 [main] &amp#27;[34mINFO &amp#27;[0;39m &amp#27;[36mo.s.b.d.r.RestartApplicationListener&amp#27;[0;39m - Restart disabled due to context in which it is running

  .   ____          _            __ _ _
 /\\ / ___'_ __ _ _(_)_ __  __ _ \ \ \ \
( ( )\___ | '_ | '_| | '_ \/ _` | \ \ \ \
 \\/  ___)| |_)| | | | | || (_| |  ) ) ) )
  '  |____| .__|_| |_|_| |_\__, | / / / /
 =========|_|==============|___/=/_/_/_/

 :: Spring Boot ::               (v3.4.13)

2026-08-10 21:14:08.864 [main] &amp#27;[34mINFO &amp#27;[0;39m &amp#27;[36mc.devsync.message.WebSocketAuthTest&amp#27;[0;39m - Starting WebSocketAuthTest using Java 21.0.11 with PID 3544 (started by NAKULSHARMA in C:\Users\NAKULSHARMA\Downloads\developmentsync-main\backend)
2026-08-10 21:14:08.864 [main] &amp#27;[34mINFO &amp#27;[0;39m &amp#27;[36mc.devsync.message.WebSocketAuthTest&amp#27;[0;39m - The following 1 profile is active: "test"
2026-08-10 21:14:09.611 [main] &amp#27;[34mINFO &amp#27;[0;39m &amp#27;[36mo.s.d.r.c.RepositoryConfigurationDelegate&amp#27;[0;39m - Bootstrapping Spring Data JPA repositories in DEFAULT mode.
2026-08-10 21:14:09.752 [main] &amp#27;[34mINFO &amp#27;[0;39m &amp#27;[36mo.s.d.r.c.RepositoryConfigurationDelegate&amp#27;[0;39m - Finished Spring Data repository scanning in 130 ms. Found 25 JPA repository interfaces.
2026-08-10 21:14:10.185 [main] &amp#27;[34mINFO &amp#27;[0;39m &amp#27;[36mo.s.b.w.e.tomcat.TomcatWebServer&amp#27;[0;39m - Tomcat initialized with port 0 (http)
2026-08-10 21:14:10.217 [main] &amp#27;[34mINFO &amp#27;[0;39m &amp#27;[36mo.a.catalina.core.StandardService&amp#27;[0;39m - Starting service [Tomcat]
2026-08-10 21:14:10.217 [main] &amp#27;[34mINFO &amp#27;[0;39m &amp#27;[36mo.a.catalina.core.StandardEngine&amp#27;[0;39m - Starting Servlet engine: [Apache Tomcat/10.1.50]
2026-08-10 21:14:10.326 [main] &amp#27;[34mINFO &amp#27;[0;39m &amp#27;[36mo.a.c.c.C.[Tomcat].[localhost].[/]&amp#27;[0;39m - Initializing Spring embedded WebApplicationContext
2026-08-10 21:14:10.326 [main] &amp#27;[34mINFO &amp#27;[0;39m &amp#27;[36mo.s.b.w.s.c.ServletWebServerApplicationContext&amp#27;[0;39m - Root WebApplicationContext: initialization completed in 1446 ms
2026-08-10 21:14:10.477 [main] &amp#27;[34mINFO &amp#27;[0;39m &amp#27;[36mo.h.jpa.internal.util.LogHelper&amp#27;[0;39m - HHH000204: Processing PersistenceUnitInfo [name: default]
2026-08-10 21:14:10.492 [main] &amp#27;[34mINFO &amp#27;[0;39m &amp#27;[36mo.h.c.i.RegionFactoryInitiator&amp#27;[0;39m - HHH000026: Second-level cache disabled
2026-08-10 21:14:10.512 [main] &amp#27;[34mINFO &amp#27;[0;39m &amp#27;[36mo.s.o.j.p.SpringPersistenceUnitInfo&amp#27;[0;39m - No LoadTimeWeaver setup: ignoring JPA class transformer
2026-08-10 21:14:10.512 [main] &amp#27;[34mINFO &amp#27;[0;39m &amp#27;[36mcom.zaxxer.hikari.HikariDataSource&amp#27;[0;39m - HikariPool-4 - Starting...
2026-08-10 21:14:10.512 [main] &amp#27;[34mINFO &amp#27;[0;39m &amp#27;[36mcom.zaxxer.hikari.pool.HikariPool&amp#27;[0;39m - HikariPool-4 - Added connection conn42: url=jdbc:h2:mem:testdb user=SA
2026-08-10 21:14:10.512 [main] &amp#27;[34mINFO &amp#27;[0;39m &amp#27;[36mcom.zaxxer.hikari.HikariDataSource&amp#27;[0;39m - HikariPool-4 - Start completed.
2026-08-10 21:14:10.512 [main] &amp#27;[31mWARN &amp#27;[0;39m &amp#27;[36morg.hibernate.orm.deprecation&amp#27;[0;39m - HHH90000025: H2Dialect does not need to be specified explicitly using 'hibernate.dialect' (remove the property setting and it will be selected by default)
2026-08-10 21:14:10.512 [main] &amp#27;[34mINFO &amp#27;[0;39m &amp#27;[36mo.hibernate.orm.connections.pooling&amp#27;[0;39m - HHH10001005: Database info:
	Database JDBC URL [Connecting through datasource 'HikariDataSource (HikariPool-4)']
	Database driver: undefined/unknown
	Database version: 2.3.232
	Autocommit mode: undefined/unknown
	Isolation level: undefined/unknown
	Minimum pool size: undefined/unknown
	Maximum pool size: undefined/unknown
2026-08-10 21:14:10.528 [main] &amp#27;[31mWARN &amp#27;[0;39m &amp#27;[36morg.hibernate.orm.incubating&amp#27;[0;39m - HHH90006001: Encountered incubating setting [hibernate.type.preferred_instant_jdbc_type].  See javadoc on corresponding `org.hibernate.cfg.AvailableSettings` constant for details.
2026-08-10 21:14:10.698 [main] &amp#27;[31mWARN &amp#27;[0;39m &amp#27;[36morg.hibernate.orm.incubating&amp#27;[0;39m - HHH90006001: Encountered incubating setting [hibernate.type.preferred_instant_jdbc_type].  See javadoc on corresponding `org.hibernate.cfg.AvailableSettings` constant for details.
2026-08-10 21:14:10.698 [main] &amp#27;[31mWARN &amp#27;[0;39m &amp#27;[36morg.hibernate.orm.incubating&amp#27;[0;39m - HHH90006001: Encountered incubating setting [hibernate.type.preferred_instant_jdbc_type].  See javadoc on corresponding `org.hibernate.cfg.AvailableSettings` constant for details.
2026-08-10 21:14:10.698 [main] &amp#27;[31mWARN &amp#27;[0;39m &amp#27;[36morg.hibernate.orm.incubating&amp#27;[0;39m - HHH90006001: Encountered incubating setting [hibernate.type.preferred_instant_jdbc_type].  See javadoc on corresponding `org.hibernate.cfg.AvailableSettings` constant for details.
2026-08-10 21:14:10.698 [main] &amp#27;[31mWARN &amp#27;[0;39m &amp#27;[36morg.hibernate.orm.incubating&amp#27;[0;39m - HHH90006001: Encountered incubating setting [hibernate.type.preferred_instant_jdbc_type].  See javadoc on corresponding `org.hibernate.cfg.AvailableSettings` constant for details.
2026-08-10 21:14:10.698 [main] &amp#27;[31mWARN &amp#27;[0;39m &amp#27;[36morg.hibernate.orm.incubating&amp#27;[0;39m - HHH90006001: Encountered incubating setting [hibernate.type.preferred_instant_jdbc_type].  See javadoc on corresponding `org.hibernate.cfg.AvailableSettings` constant for details.
2026-08-10 21:14:10.698 [main] &amp#27;[31mWARN &amp#27;[0;39m &amp#27;[36morg.hibernate.orm.incubating&amp#27;[0;39m - HHH90006001: Encountered incubating setting [hibernate.type.preferred_instant_jdbc_type].  See javadoc on corresponding `org.hibernate.cfg.AvailableSettings` constant for details.
2026-08-10 21:14:10.698 [main] &amp#27;[31mWARN &amp#27;[0;39m &amp#27;[36morg.hibernate.orm.incubating&amp#27;[0;39m - HHH90006001: Encountered incubating setting [hibernate.type.preferred_instant_jdbc_type].  See javadoc on corresponding `org.hibernate.cfg.AvailableSettings` constant for details.
2026-08-10 21:14:10.698 [main] &amp#27;[31mWARN &amp#27;[0;39m &amp#27;[36morg.hibernate.orm.incubating&amp#27;[0;39m - HHH90006001: Encountered incubating setting [hibernate.type.preferred_instant_jdbc_type].  See javadoc on corresponding `org.hibernate.cfg.AvailableSettings` constant for details.
2026-08-10 21:14:10.698 [main] &amp#27;[31mWARN &amp#27;[0;39m &amp#27;[36morg.hibernate.orm.incubating&amp#27;[0;39m - HHH90006001: Encountered incubating setting [hibernate.type.preferred_instant_jdbc_type].  See javadoc on corresponding `org.hibernate.cfg.AvailableSettings` constant for details.
2026-08-10 21:14:10.698 [main] &amp#27;[31mWARN &amp#27;[0;39m &amp#27;[36morg.hibernate.orm.incubating&amp#27;[0;39m - HHH90006001: Encountered incubating setting [hibernate.type.preferred_instant_jdbc_type].  See javadoc on corresponding `org.hibernate.cfg.AvailableSettings` constant for details.
2026-08-10 21:14:10.698 [main] &amp#27;[31mWARN &amp#27;[0;39m &amp#27;[36morg.hibernate.orm.incubating&amp#27;[0;39m - HHH90006001: Encountered incubating setting [hibernate.type.preferred_instant_jdbc_type].  See javadoc on corresponding `org.hibernate.cfg.AvailableSettings` constant for details.
2026-08-10 21:14:10.713 [main] &amp#27;[31mWARN &amp#27;[0;39m &amp#27;[36morg.hibernate.orm.incubating&amp#27;[0;39m - HHH90006001: Encountered incubating setting [hibernate.type.preferred_instant_jdbc_type].  See javadoc on corresponding `org.hibernate.cfg.AvailableSettings` constant for details.
2026-08-10 21:14:10.713 [main] &amp#27;[31mWARN &amp#27;[0;39m &amp#27;[36morg.hibernate.orm.incubating&amp#27;[0;39m - HHH90006001: Encountered incubating setting [hibernate.type.preferred_instant_jdbc_type].  See javadoc on corresponding `org.hibernate.cfg.AvailableSettings` constant for details.
2026-08-10 21:14:10.714 [main] &amp#27;[31mWARN &amp#27;[0;39m &amp#27;[36morg.hibernate.orm.incubating&amp#27;[0;39m - HHH90006001: Encountered incubating setting [hibernate.type.preferred_instant_jdbc_type].  See javadoc on corresponding `org.hibernate.cfg.AvailableSettings` constant for details.
2026-08-10 21:14:10.714 [main] &amp#27;[31mWARN &amp#27;[0;39m &amp#27;[36morg.hibernate.orm.incubating&amp#27;[0;39m - HHH90006001: Encountered incubating setting [hibernate.type.preferred_instant_jdbc_type].  See javadoc on corresponding `org.hibernate.cfg.AvailableSettings` constant for details.
2026-08-10 21:14:10.714 [main] &amp#27;[31mWARN &amp#27;[0;39m &amp#27;[36morg.hibernate.orm.incubating&amp#27;[0;39m - HHH90006001: Encountered incubating setting [hibernate.type.preferred_instant_jdbc_type].  See javadoc on corresponding `org.hibernate.cfg.AvailableSettings` constant for details.
2026-08-10 21:14:10.714 [main] &amp#27;[31mWARN &amp#27;[0;39m &amp#27;[36morg.hibernate.orm.incubating&amp#27;[0;39m - HHH90006001: Encountered incubating setting [hibernate.type.preferred_instant_jdbc_type].  See javadoc on corresponding `org.hibernate.cfg.AvailableSettings` constant for details.
2026-08-10 21:14:10.714 [main] &amp#27;[31mWARN &amp#27;[0;39m &amp#27;[36morg.hibernate.orm.incubating&amp#27;[0;39m - HHH90006001: Encountered incubating setting [hibernate.type.preferred_instant_jdbc_type].  See javadoc on corresponding `org.hibernate.cfg.AvailableSettings` constant for details.
2026-08-10 21:14:10.714 [main] &amp#27;[31mWARN &amp#27;[0;39m &amp#27;[36morg.hibernate.orm.incubating&amp#27;[0;39m - HHH90006001: Encountered incubating setting [hibernate.type.preferred_instant_jdbc_type].  See javadoc on corresponding `org.hibernate.cfg.AvailableSettings` constant for details.
2026-08-10 21:14:10.714 [main] &amp#27;[31mWARN &amp#27;[0;39m &amp#27;[36morg.hibernate.orm.incubating&amp#27;[0;39m - HHH90006001: Encountered incubating setting [hibernate.type.preferred_instant_jdbc_type].  See javadoc on corresponding `org.hibernate.cfg.AvailableSettings` constant for details.
2026-08-10 21:14:10.714 [main] &amp#27;[31mWARN &amp#27;[0;39m &amp#27;[36morg.hibernate.orm.incubating&amp#27;[0;39m - HHH90006001: Encountered incubating setting [hibernate.type.preferred_instant_jdbc_type].  See javadoc on corresponding `org.hibernate.cfg.AvailableSettings` constant for details.
2026-08-10 21:14:10.714 [main] &amp#27;[31mWARN &amp#27;[0;39m &amp#27;[36morg.hibernate.orm.incubating&amp#27;[0;39m - HHH90006001: Encountered incubating setting [hibernate.type.preferred_instant_jdbc_type].  See javadoc on corresponding `org.hibernate.cfg.AvailableSettings` constant for details.
2026-08-10 21:14:10.714 [main] &amp#27;[31mWARN &amp#27;[0;39m &amp#27;[36morg.hibernate.orm.incubating&amp#27;[0;39m - HHH90006001: Encountered incubating setting [hibernate.type.preferred_instant_jdbc_type].  See javadoc on corresponding `org.hibernate.cfg.AvailableSettings` constant for details.
2026-08-10 21:14:10.714 [main] &amp#27;[31mWARN &amp#27;[0;39m &amp#27;[36morg.hibernate.orm.incubating&amp#27;[0;39m - HHH90006001: Encountered incubating setting [hibernate.type.preferred_instant_jdbc_type].  See javadoc on corresponding `org.hibernate.cfg.AvailableSettings` constant for details.
2026-08-10 21:14:10.714 [main] &amp#27;[31mWARN &amp#27;[0;39m &amp#27;[36morg.hibernate.orm.incubating&amp#27;[0;39m - HHH90006001: Encountered incubating setting [hibernate.type.preferred_instant_jdbc_type].  See javadoc on corresponding `org.hibernate.cfg.AvailableSettings` constant for details.
2026-08-10 21:14:10.714 [main] &amp#27;[31mWARN &amp#27;[0;39m &amp#27;[36morg.hibernate.orm.incubating&amp#27;[0;39m - HHH90006001: Encountered incubating setting [hibernate.type.preferred_instant_jdbc_type].  See javadoc on corresponding `org.hibernate.cfg.AvailableSettings` constant for details.
2026-08-10 21:14:10.714 [main] &amp#27;[31mWARN &amp#27;[0;39m &amp#27;[36morg.hibernate.orm.incubating&amp#27;[0;39m - HHH90006001: Encountered incubating setting [hibernate.type.preferred_instant_jdbc_type].  See javadoc on corresponding `org.hibernate.cfg.AvailableSettings` constant for details.
2026-08-10 21:14:10.714 [main] &amp#27;[31mWARN &amp#27;[0;39m &amp#27;[36morg.hibernate.orm.incubating&amp#27;[0;39m - HHH90006001: Encountered incubating setting [hibernate.type.preferred_instant_jdbc_type].  See javadoc on corresponding `org.hibernate.cfg.AvailableSettings` constant for details.
2026-08-10 21:14:10.714 [main] &amp#27;[31mWARN &amp#27;[0;39m &amp#27;[36morg.hibernate.orm.incubating&amp#27;[0;39m - HHH90006001: Encountered incubating setting [hibernate.type.preferred_instant_jdbc_type].  See javadoc on corresponding `org.hibernate.cfg.AvailableSettings` constant for details.
2026-08-10 21:14:10.714 [main] &amp#27;[31mWARN &amp#27;[0;39m &amp#27;[36morg.hibernate.orm.incubating&amp#27;[0;39m - HHH90006001: Encountered incubating setting [hibernate.type.preferred_instant_jdbc_type].  See javadoc on corresponding `org.hibernate.cfg.AvailableSettings` constant for details.
2026-08-10 21:14:10.714 [main] &amp#27;[31mWARN &amp#27;[0;39m &amp#27;[36morg.hibernate.orm.incubating&amp#27;[0;39m - HHH90006001: Encountered incubating setting [hibernate.type.preferred_instant_jdbc_type].  See javadoc on corresponding `org.hibernate.cfg.AvailableSettings` constant for details.
2026-08-10 21:14:10.714 [main] &amp#27;[31mWARN &amp#27;[0;39m &amp#27;[36morg.hibernate.orm.incubating&amp#27;[0;39m - HHH90006001: Encountered incubating setting [hibernate.type.preferred_instant_jdbc_type].  See javadoc on corresponding `org.hibernate.cfg.AvailableSettings` constant for details.
2026-08-10 21:14:10.714 [main] &amp#27;[31mWARN &amp#27;[0;39m &amp#27;[36morg.hibernate.orm.incubating&amp#27;[0;39m - HHH90006001: Encountered incubating setting [hibernate.type.preferred_instant_jdbc_type].  See javadoc on corresponding `org.hibernate.cfg.AvailableSettings` constant for details.
2026-08-10 21:14:10.714 [main] &amp#27;[31mWARN &amp#27;[0;39m &amp#27;[36morg.hibernate.orm.incubating&amp#27;[0;39m - HHH90006001: Encountered incubating setting [hibernate.type.preferred_instant_jdbc_type].  See javadoc on corresponding `org.hibernate.cfg.AvailableSettings` constant for details.
2026-08-10 21:14:10.714 [main] &amp#27;[31mWARN &amp#27;[0;39m &amp#27;[36morg.hibernate.orm.incubating&amp#27;[0;39m - HHH90006001: Encountered incubating setting [hibernate.type.preferred_instant_jdbc_type].  See javadoc on corresponding `org.hibernate.cfg.AvailableSettings` constant for details.
2026-08-10 21:14:10.714 [main] &amp#27;[31mWARN &amp#27;[0;39m &amp#27;[36morg.hibernate.orm.incubating&amp#27;[0;39m - HHH90006001: Encountered incubating setting [hibernate.type.preferred_instant_jdbc_type].  See javadoc on corresponding `org.hibernate.cfg.AvailableSettings` constant for details.
2026-08-10 21:14:10.714 [main] &amp#27;[31mWARN &amp#27;[0;39m &amp#27;[36morg.hibernate.orm.incubating&amp#27;[0;39m - HHH90006001: Encountered incubating setting [hibernate.type.preferred_instant_jdbc_type].  See javadoc on corresponding `org.hibernate.cfg.AvailableSettings` constant for details.
2026-08-10 21:14:10.714 [main] &amp#27;[31mWARN &amp#27;[0;39m &amp#27;[36morg.hibernate.orm.incubating&amp#27;[0;39m - HHH90006001: Encountered incubating setting [hibernate.type.preferred_instant_jdbc_type].  See javadoc on corresponding `org.hibernate.cfg.AvailableSettings` constant for details.
2026-08-10 21:14:10.714 [main] &amp#27;[31mWARN &amp#27;[0;39m &amp#27;[36morg.hibernate.orm.incubating&amp#27;[0;39m - HHH90006001: Encountered incubating setting [hibernate.type.preferred_instant_jdbc_type].  See javadoc on corresponding `org.hibernate.cfg.AvailableSettings` constant for details.
2026-08-10 21:14:10.714 [main] &amp#27;[31mWARN &amp#27;[0;39m &amp#27;[36morg.hibernate.orm.incubating&amp#27;[0;39m - HHH90006001: Encountered incubating setting [hibernate.type.preferred_instant_jdbc_type].  See javadoc on corresponding `org.hibernate.cfg.AvailableSettings` constant for details.
2026-08-10 21:14:10.714 [main] &amp#27;[31mWARN &amp#27;[0;39m &amp#27;[36morg.hibernate.orm.incubating&amp#27;[0;39m - HHH90006001: Encountered incubating setting [hibernate.type.preferred_instant_jdbc_type].  See javadoc on corresponding `org.hibernate.cfg.AvailableSettings` constant for details.
2026-08-10 21:14:10.714 [main] &amp#27;[31mWARN &amp#27;[0;39m &amp#27;[36morg.hibernate.orm.incubating&amp#27;[0;39m - HHH90006001: Encountered incubating setting [hibernate.type.preferred_instant_jdbc_type].  See javadoc on corresponding `org.hibernate.cfg.AvailableSettings` constant for details.
2026-08-10 21:14:10.714 [main] &amp#27;[31mWARN &amp#27;[0;39m &amp#27;[36morg.hibernate.orm.incubating&amp#27;[0;39m - HHH90006001: Encountered incubating setting [hibernate.type.preferred_instant_jdbc_type].  See javadoc on corresponding `org.hibernate.cfg.AvailableSettings` constant for details.
2026-08-10 21:14:10.714 [main] &amp#27;[31mWARN &amp#27;[0;39m &amp#27;[36morg.hibernate.orm.incubating&amp#27;[0;39m - HHH90006001: Encountered incubating setting [hibernate.type.preferred_instant_jdbc_type].  See javadoc on corresponding `org.hibernate.cfg.AvailableSettings` constant for details.
2026-08-10 21:14:10.714 [main] &amp#27;[31mWARN &amp#27;[0;39m &amp#27;[36morg.hibernate.orm.incubating&amp#27;[0;39m - HHH90006001: Encountered incubating setting [hibernate.type.preferred_instant_jdbc_type].  See javadoc on corresponding `org.hibernate.cfg.AvailableSettings` constant for details.
2026-08-10 21:14:10.714 [main] &amp#27;[31mWARN &amp#27;[0;39m &amp#27;[36morg.hibernate.orm.incubating&amp#27;[0;39m - HHH90006001: Encountered incubating setting [hibernate.type.preferred_instant_jdbc_type].  See javadoc on corresponding `org.hibernate.cfg.AvailableSettings` constant for details.
2026-08-10 21:14:10.714 [main] &amp#27;[31mWARN &amp#27;[0;39m &amp#27;[36morg.hibernate.orm.incubating&amp#27;[0;39m - HHH90006001: Encountered incubating setting [hibernate.type.preferred_instant_jdbc_type].  See javadoc on corresponding `org.hibernate.cfg.AvailableSettings` constant for details.
2026-08-10 21:14:10.714 [main] &amp#27;[31mWARN &amp#27;[0;39m &amp#27;[36morg.hibernate.orm.incubating&amp#27;[0;39m - HHH90006001: Encountered incubating setting [hibernate.type.preferred_instant_jdbc_type].  See javadoc on corresponding `org.hibernate.cfg.AvailableSettings` constant for details.
2026-08-10 21:14:10.714 [main] &amp#27;[31mWARN &amp#27;[0;39m &amp#27;[36morg.hibernate.orm.incubating&amp#27;[0;39m - HHH90006001: Encountered incubating setting [hibernate.type.preferred_instant_jdbc_type].  See javadoc on corresponding `org.hibernate.cfg.AvailableSettings` constant for details.
2026-08-10 21:14:10.714 [main] &amp#27;[31mWARN &amp#27;[0;39m &amp#27;[36morg.hibernate.orm.incubating&amp#27;[0;39m - HHH90006001: Encountered incubating setting [hibernate.type.preferred_instant_jdbc_type].  See javadoc on corresponding `org.hibernate.cfg.AvailableSettings` constant for details.
2026-08-10 21:14:10.714 [main] &amp#27;[31mWARN &amp#27;[0;39m &amp#27;[36morg.hibernate.orm.incubating&amp#27;[0;39m - HHH90006001: Encountered incubating setting [hibernate.type.preferred_instant_jdbc_type].  See javadoc on corresponding `org.hibernate.cfg.AvailableSettings` constant for details.
2026-08-10 21:14:10.714 [main] &amp#27;[31mWARN &amp#27;[0;39m &amp#27;[36morg.hibernate.orm.incubating&amp#27;[0;39m - HHH90006001: Encountered incubating setting [hibernate.type.preferred_instant_jdbc_type].  See javadoc on corresponding `org.hibernate.cfg.AvailableSettings` constant for details.
2026-08-10 21:14:10.714 [main] &amp#27;[31mWARN &amp#27;[0;39m &amp#27;[36morg.hibernate.orm.incubating&amp#27;[0;39m - HHH90006001: Encountered incubating setting [hibernate.type.preferred_instant_jdbc_type].  See javadoc on corresponding `org.hibernate.cfg.AvailableSettings` constant for details.
2026-08-10 21:14:10.714 [main] &amp#27;[31mWARN &amp#27;[0;39m &amp#27;[36morg.hibernate.orm.incubating&amp#27;[0;39m - HHH90006001: Encountered incubating setting [hibernate.type.preferred_instant_jdbc_type].  See javadoc on corresponding `org.hibernate.cfg.AvailableSettings` constant for details.
2026-08-10 21:14:10.714 [main] &amp#27;[31mWARN &amp#27;[0;39m &amp#27;[36morg.hibernate.orm.incubating&amp#27;[0;39m - HHH90006001: Encountered incubating setting [hibernate.type.preferred_instant_jdbc_type].  See javadoc on corresponding `org.hibernate.cfg.AvailableSettings` constant for details.
2026-08-10 21:14:10.714 [main] &amp#27;[31mWARN &amp#27;[0;39m &amp#27;[36morg.hibernate.orm.incubating&amp#27;[0;39m - HHH90006001: Encountered incubating setting [hibernate.type.preferred_instant_jdbc_type].  See javadoc on corresponding `org.hibernate.cfg.AvailableSettings` constant for details.
2026-08-10 21:14:10.714 [main] &amp#27;[31mWARN &amp#27;[0;39m &amp#27;[36morg.hibernate.orm.incubating&amp#27;[0;39m - HHH90006001: Encountered incubating setting [hibernate.type.preferred_instant_jdbc_type].  See javadoc on corresponding `org.hibernate.cfg.AvailableSettings` constant for details.
2026-08-10 21:14:10.714 [main] &amp#27;[31mWARN &amp#27;[0;39m &amp#27;[36morg.hibernate.orm.incubating&amp#27;[0;39m - HHH90006001: Encountered incubating setting [hibernate.type.preferred_instant_jdbc_type].  See javadoc on corresponding `org.hibernate.cfg.AvailableSettings` constant for details.
2026-08-10 21:14:10.714 [main] &amp#27;[31mWARN &amp#27;[0;39m &amp#27;[36morg.hibernate.orm.incubating&amp#27;[0;39m - HHH90006001: Encountered incubating setting [hibernate.type.preferred_instant_jdbc_type].  See javadoc on corresponding `org.hibernate.cfg.AvailableSettings` constant for details.
2026-08-10 21:14:10.714 [main] &amp#27;[31mWARN &amp#27;[0;39m &amp#27;[36morg.hibernate.orm.incubating&amp#27;[0;39m - HHH90006001: Encountered incubating setting [hibernate.type.preferred_instant_jdbc_type].  See javadoc on corresponding `org.hibernate.cfg.AvailableSettings` constant for details.
2026-08-10 21:14:10.714 [main] &amp#27;[31mWARN &amp#27;[0;39m &amp#27;[36morg.hibernate.orm.incubating&amp#27;[0;39m - HHH90006001: Encountered incubating setting [hibernate.type.preferred_instant_jdbc_type].  See javadoc on corresponding `org.hibernate.cfg.AvailableSettings` constant for details.
2026-08-10 21:14:10.714 [main] &amp#27;[31mWARN &amp#27;[0;39m &amp#27;[36morg.hibernate.orm.incubating&amp#27;[0;39m - HHH90006001: Encountered incubating setting [hibernate.type.preferred_instant_jdbc_type].  See javadoc on corresponding `org.hibernate.cfg.AvailableSettings` constant for details.
2026-08-10 21:14:10.730 [main] &amp#27;[31mWARN &amp#27;[0;39m &amp#27;[36morg.hibernate.orm.incubating&amp#27;[0;39m - HHH90006001: Encountered incubating setting [hibernate.type.preferred_instant_jdbc_type].  See javadoc on corresponding `org.hibernate.cfg.AvailableSettings` constant for details.
2026-08-10 21:14:11.300 [main] &amp#27;[34mINFO &amp#27;[0;39m &amp#27;[36mo.h.e.t.j.p.i.JtaPlatformInitiator&amp#27;[0;39m - HHH000489: No JTA platform available (set 'hibernate.transaction.jta.platform' to enable JTA platform integration)
2026-08-10 21:14:11.494 [main] &amp#27;[34mINFO &amp#27;[0;39m &amp#27;[36mo.s.o.j.LocalContainerEntityManagerFactoryBean&amp#27;[0;39m - Initialized JPA EntityManagerFactory for persistence unit 'default'
2026-08-10 21:14:12.531 [main] &amp#27;[31mWARN &amp#27;[0;39m &amp#27;[36mo.s.b.a.o.j.JpaBaseConfiguration$JpaWebConfiguration&amp#27;[0;39m - spring.jpa.open-in-view is enabled by default. Therefore, database queries may be performed during view rendering. Explicitly configure spring.jpa.open-in-view to disable this warning
2026-08-10 21:14:12.546 [main] &amp#27;[34mINFO &amp#27;[0;39m &amp#27;[36mo.s.s.c.a.a.c.InitializeUserDetailsBeanManagerConfigurer$InitializeUserDetailsManagerConfigurer&amp#27;[0;39m - Global AuthenticationManager configured with UserDetailsService bean with name userDetailsServiceImpl
2026-08-10 21:14:12.780 [main] &amp#27;[34mINFO &amp#27;[0;39m &amp#27;[36mo.s.b.a.e.web.EndpointLinksResolver&amp#27;[0;39m - Exposing 2 endpoints beneath base path '/actuator'
2026-08-10 21:14:13.097 [main] &amp#27;[34mINFO &amp#27;[0;39m &amp#27;[36mo.s.m.s.b.SimpleBrokerMessageHandler&amp#27;[0;39m - Starting...
2026-08-10 21:14:13.097 [main] &amp#27;[34mINFO &amp#27;[0;39m &amp#27;[36mo.s.m.s.b.SimpleBrokerMessageHandler&amp#27;[0;39m - BrokerAvailabilityEvent[available=true, SimpleBrokerMessageHandler [org.springframework.messaging.simp.broker.DefaultSubscriptionRegistry@58ed8b64]]
2026-08-10 21:14:13.097 [main] &amp#27;[34mINFO &amp#27;[0;39m &amp#27;[36mo.s.m.s.b.SimpleBrokerMessageHandler&amp#27;[0;39m - Started.
2026-08-10 21:14:13.113 [main] &amp#27;[34mINFO &amp#27;[0;39m &amp#27;[36mo.s.b.w.e.tomcat.TomcatWebServer&amp#27;[0;39m - Tomcat started on port 49488 (http) with context path '/'
2026-08-10 21:14:13.128 [main] &amp#27;[34mINFO &amp#27;[0;39m &amp#27;[36mc.devsync.message.WebSocketAuthTest&amp#27;[0;39m - Started WebSocketAuthTest in 4.311 seconds (process running for 72.401)
2026-08-10 21:14:13.128 [main] &amp#27;[34mINFO &amp#27;[0;39m &amp#27;[36mcom.devsync.config.DataInitializer&amp#27;[0;39m - Admin seeding disabled. To seed a bootstrap admin, set DEVSYNC_ADMIN_SEED_ENABLED=true with DEVSYNC_ADMIN_EMAIL and DEVSYNC_ADMIN_PASSWORD.
2026-08-10 21:14:13.341 [http-nio-auto-1-exec-1] &amp#27;[34mINFO &amp#27;[0;39m &amp#27;[36mo.a.c.c.C.[Tomcat].[localhost].[/]&amp#27;[0;39m - Initializing Spring DispatcherServlet 'dispatcherServlet'
2026-08-10 21:14:13.341 [http-nio-auto-1-exec-1] &amp#27;[34mINFO &amp#27;[0;39m &amp#27;[36mo.s.web.servlet.DispatcherServlet&amp#27;[0;39m - Initializing Servlet 'dispatcherServlet'
2026-08-10 21:14:13.356 [http-nio-auto-1-exec-1] &amp#27;[34mINFO &amp#27;[0;39m &amp#27;[36mo.s.web.servlet.DispatcherServlet&amp#27;[0;39m - Completed initialization in 15 ms
]]></system-out>
  </testcase>
  <testcase name="connect_withValidToken_succeedsAndPresenceBroadcasts" classname="com.devsync.message.WebSocketAuthTest" time="0.111"/>
  <testcase name="cannotSubscribeToAnotherUsersQueue" classname="com.devsync.message.WebSocketAuthTest" time="2.633">
    <system-out><![CDATA[2026-08-10 21:14:18.355 [http-nio-auto-1-exec-6] &amp#27;[1;31mERROR&amp#27;[0;39m &amp#27;[36mo.s.w.s.m.StompSubProtocolHandler&amp#27;[0;39m - Error publishing SessionDisconnectEvent[sessionId=4b01a15c-16bc-769e-bc6a-c34b9496bf9c, CloseStatus[code=1000, reason=null]]
org.springframework.orm.ObjectOptimisticLockingFailureException: Row was updated or deleted by another transaction (or unsaved-value mapping was incorrect): [com.devsync.user.entity.User#3fc7b331-f82e-42f6-9c53-19ba43ad654c]
	at org.springframework.orm.jpa.vendor.HibernateJpaDialect.convertHibernateAccessException(HibernateJpaDialect.java:329)
	at org.springframework.orm.jpa.vendor.HibernateJpaDialect.convertHibernateAccessException(HibernateJpaDialect.java:256)
	at org.springframework.orm.jpa.vendor.HibernateJpaDialect.translateExceptionIfPossible(HibernateJpaDialect.java:244)
	at org.springframework.orm.jpa.JpaTransactionManager.doCommit(JpaTransactionManager.java:567)
	at org.springframework.transaction.support.AbstractPlatformTransactionManager.processCommit(AbstractPlatformTransactionManager.java:795)
	at org.springframework.transaction.support.AbstractPlatformTransactionManager.commit(AbstractPlatformTransactionManager.java:758)
	at org.springframework.transaction.interceptor.TransactionAspectSupport.commitTransactionAfterReturning(TransactionAspectSupport.java:698)
	at org.springframework.transaction.interceptor.TransactionAspectSupport.invokeWithinTransaction(TransactionAspectSupport.java:416)
	at org.springframework.transaction.interceptor.TransactionInterceptor.invoke(TransactionInterceptor.java:119)
	at org.springframework.aop.framework.ReflectiveMethodInvocation.proceed(ReflectiveMethodInvocation.java:184)
	at org.springframework.aop.framework.CglibAopProxy$DynamicAdvisedInterceptor.intercept(CglibAopProxy.java:728)
	at com.devsync.presence.PresenceService$$SpringCGLIB$$0.updateStatus(<generated>)
	at com.devsync.presence.PresenceEventListener.onDisconnect(PresenceEventListener.java:46)
	at java.base/jdk.internal.reflect.DirectMethodHandleAccessor.invoke(DirectMethodHandleAccessor.java:103)
	at java.base/java.lang.reflect.Method.invoke(Method.java:580)
	at org.springframework.context.event.ApplicationListenerMethodAdapter.doInvoke(ApplicationListenerMethodAdapter.java:383)
	at org.springframework.context.event.ApplicationListenerMethodAdapter.processEvent(ApplicationListenerMethodAdapter.java:255)
	at org.springframework.context.event.ApplicationListenerMethodAdapter.onApplicationEvent(ApplicationListenerMethodAdapter.java:174)
	at org.springframework.context.event.SimpleApplicationEventMulticaster.doInvokeListener(SimpleApplicationEventMulticaster.java:185)
	at org.springframework.context.event.SimpleApplicationEventMulticaster.invokeListener(SimpleApplicationEventMulticaster.java:178)
	at org.springframework.context.event.SimpleApplicationEventMulticaster.multicastEvent(SimpleApplicationEventMulticaster.java:156)
	at org.springframework.context.support.AbstractApplicationContext.publishEvent(AbstractApplicationContext.java:454)
	at org.springframework.context.support.AbstractApplicationContext.publishEvent(AbstractApplicationContext.java:387)
	at org.springframework.web.socket.messaging.StompSubProtocolHandler.publishEvent(StompSubProtocolHandler.java:454)
	at org.springframework.web.socket.messaging.StompSubProtocolHandler.afterSessionEnded(StompSubProtocolHandler.java:689)
	at org.springframework.web.socket.messaging.SubProtocolWebSocketHandler.clearSession(SubProtocolWebSocketHandler.java:552)
	at org.springframework.web.socket.messaging.SubProtocolWebSocketHandler.afterConnectionClosed(SubProtocolWebSocketHandler.java:420)
	at org.springframework.web.socket.handler.WebSocketHandlerDecorator.afterConnectionClosed(WebSocketHandlerDecorator.java:85)
	at org.springframework.web.socket.handler.LoggingWebSocketHandlerDecorator.afterConnectionClosed(LoggingWebSocketHandlerDecorator.java:72)
	at org.springframework.web.socket.handler.ExceptionWebSocketHandlerDecorator.afterConnectionClosed(ExceptionWebSocketHandlerDecorator.java:78)
	at org.springframework.web.socket.adapter.standard.StandardWebSocketHandlerAdapter.onClose(StandardWebSocketHandlerAdapter.java:144)
	at org.apache.tomcat.websocket.WsSession.fireEndpointOnClose(WsSession.java:718)
	at org.apache.tomcat.websocket.WsSession.onClose(WsSession.java:626)
	at org.apache.tomcat.websocket.WsFrameBase.processDataControl(WsFrameBase.java:349)
	at org.apache.tomcat.websocket.WsFrameBase.processData(WsFrameBase.java:281)
	at org.apache.tomcat.websocket.WsFrameBase.processInputBuffer(WsFrameBase.java:129)
	at org.apache.tomcat.websocket.server.WsFrameServer.onDataAvailable(WsFrameServer.java:85)
	at org.apache.tomcat.websocket.server.WsFrameServer.doOnDataAvailable(WsFrameServer.java:184)
	at org.apache.tomcat.websocket.server.WsFrameServer.notifyDataAvailable(WsFrameServer.java:164)
	at org.apache.tomcat.websocket.server.WsHttpUpgradeHandler.upgradeDispatch(WsHttpUpgradeHandler.java:152)
	at org.apache.coyote.http11.upgrade.UpgradeProcessorInternal.dispatch(UpgradeProcessorInternal.java:60)
	at org.apache.coyote.AbstractProcessorLight.process(AbstractProcessorLight.java:57)
	at org.apache.coyote.AbstractProtocol$ConnectionHandler.process(AbstractProtocol.java:903)
	at org.apache.tomcat.util.net.NioEndpoint$SocketProcessor.doRun(NioEndpoint.java:1774)
	at org.apache.tomcat.util.net.SocketProcessorBase.run(SocketProcessorBase.java:52)
	at org.apache.tomcat.util.threads.ThreadPoolExecutor.runWorker(ThreadPoolExecutor.java:973)
	at org.apache.tomcat.util.threads.ThreadPoolExecutor$Worker.run(ThreadPoolExecutor.java:491)
	at org.apache.tomcat.util.threads.TaskThread$WrappingRunnable.run(TaskThread.java:63)
	at java.base/java.lang.Thread.run(Thread.java:1583)
Caused by: org.hibernate.StaleObjectStateException: Row was updated or deleted by another transaction (or unsaved-value mapping was incorrect): [com.devsync.user.entity.User#3fc7b331-f82e-42f6-9c53-19ba43ad654c]
	at org.hibernate.engine.jdbc.mutation.internal.ModelMutationHelper.identifiedResultsCheck(ModelMutationHelper.java:75)
	at org.hibernate.persister.entity.mutation.UpdateCoordinatorStandard.lambda$doStaticUpdate$9(UpdateCoordinatorStandard.java:785)
	at org.hibernate.engine.jdbc.mutation.internal.ModelMutationHelper.checkResults(ModelMutationHelper.java:50)
	at org.hibernate.engine.jdbc.mutation.internal.AbstractMutationExecutor.performNonBatchedMutation(AbstractMutationExecutor.java:141)
	at org.hibernate.engine.jdbc.mutation.internal.MutationExecutorSingleNonBatched.performNonBatchedOperations(MutationExecutorSingleNonBatched.java:55)
	at org.hibernate.engine.jdbc.mutation.internal.AbstractMutationExecutor.execute(AbstractMutationExecutor.java:55)
	at org.hibernate.persister.entity.mutation.UpdateCoordinatorStandard.doStaticUpdate(UpdateCoordinatorStandard.java:781)
	at org.hibernate.persister.entity.mutation.UpdateCoordinatorStandard.performUpdate(UpdateCoordinatorStandard.java:328)
	at org.hibernate.persister.entity.mutation.UpdateCoordinatorStandard.update(UpdateCoordinatorStandard.java:245)
	at org.hibernate.action.internal.EntityUpdateAction.execute(EntityUpdateAction.java:169)
	at org.hibernate.engine.spi.ActionQueue.executeActions(ActionQueue.java:644)
	at org.hibernate.engine.spi.ActionQueue.executeActions(ActionQueue.java:511)
	at org.hibernate.event.internal.AbstractFlushingEventListener.performExecutions(AbstractFlushingEventListener.java:414)
	at org.hibernate.event.internal.DefaultFlushEventListener.onFlush(DefaultFlushEventListener.java:41)
	at org.hibernate.event.service.internal.EventListenerGroupImpl.fireEventOnEachListener(EventListenerGroupImpl.java:127)
	at org.hibernate.internal.SessionImpl.doFlush(SessionImpl.java:1429)
	at org.hibernate.internal.SessionImpl.managedFlush(SessionImpl.java:491)
	at org.hibernate.internal.SessionImpl.flushBeforeTransactionCompletion(SessionImpl.java:2354)
	at org.hibernate.internal.SessionImpl.beforeTransactionCompletion(SessionImpl.java:1978)
	at org.hibernate.engine.jdbc.internal.JdbcCoordinatorImpl.beforeTransactionCompletion(JdbcCoordinatorImpl.java:439)
	at org.hibernate.resource.transaction.backend.jdbc.internal.JdbcResourceLocalTransactionCoordinatorImpl.beforeCompletionCallback(JdbcResourceLocalTransactionCoordinatorImpl.java:169)
	at org.hibernate.resource.transaction.backend.jdbc.internal.JdbcResourceLocalTransactionCoordinatorImpl$TransactionDriverControlImpl.commit(JdbcResourceLocalTransactionCoordinatorImpl.java:267)
	at org.hibernate.engine.transaction.internal.TransactionImpl.commit(TransactionImpl.java:101)
	at org.springframework.orm.jpa.JpaTransactionManager.doCommit(JpaTransactionManager.java:563)
	... 45 common frames omitted
]]></system-out>
  </testcase>
  <testcase name="connect_withRefreshToken_isRejected" classname="com.devsync.message.WebSocketAuthTest" time="5.021"/>
  <testcase name="connect_withoutToken_isRejected" classname="com.devsync.message.WebSocketAuthTest" time="5.016"/>
  <testcase name="connect_withBlockedUserToken_isRejected" classname="com.devsync.message.WebSocketAuthTest" time="5.029"/>
</testsuite>