<?xml version="1.0" encoding="UTF-8"?>
<testsuite xmlns:xsi="http://www.w3.org/2001/XMLSchema-instance" xsi:noNamespaceSchemaLocation="https://maven.apache.org/surefire/maven-surefire-plugin/xsd/surefire-test-report.xsd" version="3.0.2" name="com.devsync.admin.AdminControllerTest" time="32.66" tests="42" errors="0" skipped="0" failures="0">
  <properties>
[...]
</properties>
  <testcase name="check_shouldReturnIsAdminTrue_ForAdmin" classname="com.devsync.admin.AdminControllerTest" time="0.514">
    <system-out><![CDATA[21:13:07.578 [main] INFO org.springframework.test.context.support.AnnotationConfigContextLoaderUtils -- Could not detect default configuration classes for test class [com.devsync.admin.AdminControllerTest]: AdminControllerTest does not declare any static, non-private, non-final, nested classes annotated with @Configuration.
21:13:08.203 [main] INFO org.springframework.boot.test.context.SpringBootTestContextBootstrapper -- Found @SpringBootConfiguration com.devsync.DevSyncApplication for test class com.devsync.admin.AdminControllerTest
21:13:08.607 [main] INFO org.springframework.boot.devtools.restart.RestartApplicationListener -- Restart disabled due to context in which it is running
21:13:07,201 |-INFO in ch.qos.logback.classic.LoggerContext[default] - This is logback-classic version 1.5.22
21:13:07,201 |-INFO in ch.qos.logback.classic.util.ContextInitializer@11826398 - Here is a list of configurators discovered as a service, by rank: 
21:13:07,201 |-INFO in ch.qos.logback.classic.util.ContextInitializer@11826398 -   org.springframework.boot.logging.logback.RootLogLevelConfigurator
21:13:07,201 |-INFO in ch.qos.logback.classic.util.ContextInitializer@11826398 - They will be invoked in order until ExecutionStatus.DO_NOT_INVOKE_NEXT_IF_ANY is returned.
21:13:07,201 |-INFO in ch.qos.logback.classic.util.ContextInitializer@11826398 - Constructed configurator of type class org.springframework.boot.logging.logback.RootLogLevelConfigurator
21:13:07,217 |-INFO in ch.qos.logback.classic.util.ContextInitializer@11826398 - org.springframework.boot.logging.logback.RootLogLevelConfigurator.configure() call lasted 0 milliseconds. ExecutionStatus=INVOKE_NEXT_IF_ANY
21:13:07,217 |-INFO in ch.qos.logback.classic.util.ContextInitializer@11826398 - Trying to configure with ch.qos.logback.classic.util.DefaultJoranConfigurator
21:13:07,217 |-INFO in ch.qos.logback.classic.util.ContextInitializer@11826398 - Constructed configurator of type class ch.qos.logback.classic.util.DefaultJoranConfigurator
21:13:07,217 |-INFO in ch.qos.logback.classic.LoggerContext[default] - Could NOT find resource [logback-test.xml]
21:13:07,232 |-INFO in ch.qos.logback.classic.LoggerContext[default] - Could NOT find resource [logback.xml]
21:13:07,232 |-INFO in ch.qos.logback.classic.util.ContextInitializer@11826398 - ch.qos.logback.classic.util.DefaultJoranConfigurator.configure() call lasted 15 milliseconds. ExecutionStatus=INVOKE_NEXT_IF_ANY
21:13:07,232 |-INFO in ch.qos.logback.classic.util.ContextInitializer@11826398 - Trying to configure with ch.qos.logback.classic.BasicConfigurator
21:13:07,232 |-INFO in ch.qos.logback.classic.util.ContextInitializer@11826398 - Constructed configurator of type class ch.qos.logback.classic.BasicConfigurator
21:13:07,232 |-INFO in ch.qos.logback.classic.BasicConfigurator@6c5ca0b6 - Setting up default configuration.
21:13:07,248 |-INFO in ch.qos.logback.core.ConsoleAppender[console] - NOTE: Writing to the console can be slow. Try to avoid logging to the 
21:13:07,248 |-INFO in ch.qos.logback.core.ConsoleAppender[console] - console in production environments, especially in high volume systems.
21:13:07,248 |-INFO in ch.qos.logback.core.ConsoleAppender[console] - See also https://logback.qos.ch/codes.html#slowConsole
21:13:07,248 |-INFO in ch.qos.logback.classic.util.ContextInitializer@11826398 - ch.qos.logback.classic.BasicConfigurator.configure() call lasted 16 milliseconds. ExecutionStatus=NEUTRAL
21:13:09,407 |-INFO in ch.qos.logback.core.joran.util.ConfigurationWatchListUtil@37b01ce2 - Will not add configuration file [jar:file:/C:/Users/NAKULSHARMA/.m2/repository/org/springframework/boot/spring-boot/3.4.13/spring-boot-3.4.13.jar!/org/springframework/boot/logging/logback/defaults.xml] to watch list, because 'jar' protocol is not watchable.
21:13:09,407 |-INFO in ch.qos.logback.core.joran.util.ConfigurationWatchListUtil@37b01ce2 - Only the protocols 'file', 'http' and 'https' are watchable.
21:13:09,423 |-INFO in ch.qos.logback.core.model.processor.ConversionRuleModelHandler - registering conversion word applicationName with class [org.springframework.boot.logging.logback.ApplicationNameConverter]
21:13:09,423 |-INFO in ch.qos.logback.core.model.processor.ConversionRuleModelHandler - registering conversion word clr with class [org.springframework.boot.logging.logback.ColorConverter]
21:13:09,423 |-INFO in ch.qos.logback.core.model.processor.ConversionRuleModelHandler - registering conversion word correlationId with class [org.springframework.boot.logging.logback.CorrelationIdConverter]
21:13:09,423 |-INFO in ch.qos.logback.core.model.processor.ConversionRuleModelHandler - registering conversion word esb with class [org.springframework.boot.logging.logback.EnclosedInSquareBracketsConverter]
21:13:09,423 |-INFO in ch.qos.logback.core.model.processor.ConversionRuleModelHandler - registering conversion word wex with class [org.springframework.boot.logging.logback.WhitespaceThrowableProxyConverter]
21:13:09,423 |-INFO in ch.qos.logback.core.model.processor.ConversionRuleModelHandler - registering conversion word wEx with class [org.springframework.boot.logging.logback.ExtendedWhitespaceThrowableProxyConverter]
21:13:09,423 |-INFO in ch.qos.logback.core.model.processor.ModelInterpretationContext@1a88c4f5 - value "%clr(%d{yyyy-MM-dd'T'HH:mm:ss.SSSXXX}){faint} %clr(%5p){} %clr(3544){magenta} %clr(--- %esb(){APPLICATION_NAME}%esb{APPLICATION_GROUP}[%15.15t] ){faint}%clr(%-40.40logger{39}){cyan} %clr(:){faint} %m%n%wEx" substituted for "${CONSOLE_LOG_PATTERN:-%clr(%d{${LOG_DATEFORMAT_PATTERN:-yyyy-MM-dd'T'HH:mm:ss.SSSXXX}}){faint} %clr(${LOG_LEVEL_PATTERN:-%5p}){} %clr(${PID:-}){magenta} %clr(--- %esb(){APPLICATION_NAME}%esb{APPLICATION_GROUP}[%15.15t] ${LOG_CORRELATION_PATTERN:-}){faint}%clr(%-40.40logger{39}){cyan} %clr(:){faint} %m%n${LOG_EXCEPTION_CONVERSION_WORD:-%wEx}}"
21:13:09,423 |-INFO in ch.qos.logback.core.model.processor.ModelInterpretationContext@1a88c4f5 - value "UTF-8" substituted for "${CONSOLE_LOG_CHARSET:-${file.encoding:-UTF-8}}"
21:13:09,423 |-INFO in ch.qos.logback.core.model.processor.ModelInterpretationContext@1a88c4f5 - value "TRACE" substituted for "${CONSOLE_LOG_THRESHOLD:-TRACE}"
21:13:09,423 |-INFO in ch.qos.logback.core.model.processor.ModelInterpretationContext@1a88c4f5 - value "" substituted for "${CONSOLE_LOG_STRUCTURED_FORMAT:-}"
21:13:09,423 |-INFO in ch.qos.logback.core.model.processor.ModelInterpretationContext@1a88c4f5 - value "%d{yyyy-MM-dd'T'HH:mm:ss.SSSXXX} %5p 3544 --- %esb(){APPLICATION_NAME}%esb{APPLICATION_GROUP}[%t] %-40.40logger{39} : %m%n%wEx" substituted for "${FILE_LOG_PATTERN:-%d{${LOG_DATEFORMAT_PATTERN:-yyyy-MM-dd'T'HH:mm:ss.SSSXXX}} ${LOG_LEVEL_PATTERN:-%5p} ${PID:-} --- %esb(){APPLICATION_NAME}%esb{APPLICATION_GROUP}[%t] ${LOG_CORRELATION_PATTERN:-}%-40.40logger{39} : %m%n${LOG_EXCEPTION_CONVERSION_WORD:-%wEx}}"
21:13:09,423 |-INFO in ch.qos.logback.core.model.processor.ModelInterpretationContext@1a88c4f5 - value "UTF-8" substituted for "${FILE_LOG_CHARSET:-${file.encoding:-UTF-8}}"
21:13:09,423 |-INFO in ch.qos.logback.core.model.processor.ModelInterpretationContext@1a88c4f5 - value "TRACE" substituted for "${FILE_LOG_THRESHOLD:-TRACE}"
21:13:09,423 |-INFO in ch.qos.logback.core.model.processor.ModelInterpretationContext@1a88c4f5 - value "" substituted for "${FILE_LOG_STRUCTURED_FORMAT:-}"
21:13:09,439 |-INFO in ch.qos.logback.classic.model.processor.ConfigurationModelHandlerFull - Main configuration file URL: file:/C:/Users/NAKULSHARMA/Downloads/developmentsync-main/backend/target/classes/logback-spring.xml
21:13:09,439 |-INFO in ch.qos.logback.classic.model.processor.ConfigurationModelHandlerFull - FileWatchList= {C:\Users\NAKULSHARMA\Downloads\developmentsync-main\backend\target\classes\logback-spring.xml}
21:13:09,439 |-INFO in ch.qos.logback.classic.model.processor.ConfigurationModelHandlerFull - URLWatchList= {}
21:13:09,439 |-INFO in ch.qos.logback.classic.model.processor.LoggerModelHandler - Setting level of logger [org.apache.catalina.startup.DigesterFactory] to ERROR
21:13:09,439 |-INFO in ch.qos.logback.classic.jul.LevelChangePropagator@1894fa9f - Propagating ERROR level on Logger[org.apache.catalina.startup.DigesterFactory] onto the JUL framework
21:13:09,439 |-INFO in ch.qos.logback.classic.model.processor.LoggerModelHandler - Setting level of logger [org.apache.catalina.util.LifecycleBase] to ERROR
21:13:09,439 |-INFO in ch.qos.logback.classic.jul.LevelChangePropagator@1894fa9f - Propagating ERROR level on Logger[org.apache.catalina.util.LifecycleBase] onto the JUL framework
21:13:09,439 |-INFO in ch.qos.logback.classic.model.processor.LoggerModelHandler - Setting level of logger [org.apache.coyote.http11.Http11NioProtocol] to WARN
21:13:09,439 |-INFO in ch.qos.logback.classic.jul.LevelChangePropagator@1894fa9f - Propagating WARN level on Logger[org.apache.coyote.http11.Http11NioProtocol] onto the JUL framework
21:13:09,439 |-INFO in ch.qos.logback.classic.model.processor.LoggerModelHandler - Setting level of logger [org.apache.sshd.common.util.SecurityUtils] to WARN
21:13:09,439 |-INFO in ch.qos.logback.classic.jul.LevelChangePropagator@1894fa9f - Propagating WARN level on Logger[org.apache.sshd.common.util.SecurityUtils] onto the JUL framework
21:13:09,439 |-INFO in ch.qos.logback.classic.model.processor.LoggerModelHandler - Setting level of logger [org.apache.tomcat.util.net.NioSelectorPool] to WARN
21:13:09,439 |-INFO in ch.qos.logback.classic.jul.LevelChangePropagator@1894fa9f - Propagating WARN level on Logger[org.apache.tomcat.util.net.NioSelectorPool] onto the JUL framework
21:13:09,439 |-INFO in ch.qos.logback.classic.model.processor.LoggerModelHandler - Setting level of logger [org.eclipse.jetty.util.component.AbstractLifeCycle] to ERROR
21:13:09,439 |-INFO in ch.qos.logback.classic.jul.LevelChangePropagator@1894fa9f - Propagating ERROR level on Logger[org.eclipse.jetty.util.component.AbstractLifeCycle] onto the JUL framework
21:13:09,439 |-INFO in ch.qos.logback.classic.model.processor.LoggerModelHandler - Setting level of logger [org.hibernate.validator.internal.util.Version] to WARN
21:13:09,439 |-INFO in ch.qos.logback.classic.jul.LevelChangePropagator@1894fa9f - Propagating WARN level on Logger[org.hibernate.validator.internal.util.Version] onto the JUL framework
21:13:09,439 |-INFO in ch.qos.logback.classic.model.processor.LoggerModelHandler - Setting level of logger [org.springframework.boot.actuate.endpoint.jmx] to WARN
21:13:09,439 |-INFO in ch.qos.logback.classic.jul.LevelChangePropagator@1894fa9f - Propagating WARN level on Logger[org.springframework.boot.actuate.endpoint.jmx] onto the JUL framework
21:13:09,439 |-INFO in ch.qos.logback.core.model.processor.AppenderModelHandler - Processing appender named [CONSOLE]
21:13:09,439 |-INFO in ch.qos.logback.core.model.processor.AppenderModelHandler - About to instantiate appender of type [ch.qos.logback.core.ConsoleAppender]
21:13:09,454 |-INFO in ch.qos.logback.core.model.processor.ImplicitModelHandler - Assuming default type [ch.qos.logback.classic.encoder.PatternLayoutEncoder] for [encoder] property
21:13:09,501 |-INFO in ch.qos.logback.core.ConsoleAppender[CONSOLE] - NOTE: Writing to the console can be slow. Try to avoid logging to the 
21:13:09,501 |-INFO in ch.qos.logback.core.ConsoleAppender[CONSOLE] - console in production environments, especially in high volume systems.
21:13:09,501 |-INFO in ch.qos.logback.core.ConsoleAppender[CONSOLE] - See also https://logback.qos.ch/codes.html#slowConsole
21:13:09,501 |-WARN in ch.qos.logback.core.model.processor.AppenderModelHandler - Appender named [JSON_FILE] not referenced. Skipping further processing.
21:13:09,501 |-WARN in ch.qos.logback.core.model.processor.AppenderModelHandler - Appender named [FILE] not referenced. Skipping further processing.
21:13:09,501 |-INFO in ch.qos.logback.classic.model.processor.RootLoggerModelHandler - Setting level of ROOT logger to INFO
21:13:09,501 |-INFO in ch.qos.logback.classic.jul.LevelChangePropagator@1894fa9f - Propagating INFO level on Logger[ROOT] onto the JUL framework
21:13:09,501 |-INFO in ch.qos.logback.core.model.processor.AppenderRefModelHandler - Attaching appender named [CONSOLE] to Logger[ROOT]
21:13:09,501 |-INFO in ch.qos.logback.classic.model.processor.LoggerModelHandler - Setting level of logger [com.devsync] to DEBUG
21:13:09,501 |-INFO in ch.qos.logback.classic.jul.LevelChangePropagator@1894fa9f - Propagating DEBUG level on Logger[com.devsync] onto the JUL framework
21:13:09,501 |-INFO in ch.qos.logback.classic.model.processor.LoggerModelHandler - Setting level of logger [org.springframework.security] to INFO
21:13:09,501 |-INFO in ch.qos.logback.classic.jul.LevelChangePropagator@1894fa9f - Propagating INFO level on Logger[org.springframework.security] onto the JUL framework
21:13:09,501 |-INFO in ch.qos.logback.core.model.processor.DefaultProcessor@1144a02b - End of configuration.
21:13:09,501 |-INFO in org.springframework.boot.logging.logback.SpringBootJoranConfigurator@26a4f9ed - Registering current configuration as safe fallback point


  .   ____          _            __ _ _
 /\\ / ___'_ __ _ _(_)_ __  __ _ \ \ \ \
( ( )\___ | '_ | '_| | '_ \/ _` | \ \ \ \
 \\/  ___)| |_)| | | | | || (_| |  ) ) ) )
  '  |____| .__|_| |_|_| |_\__, | / / / /
 =========|_|==============|___/=/_/_/_/

 :: Spring Boot ::               (v3.4.13)

2026-08-10 21:13:09.726 [main] &amp#27;[34mINFO &amp#27;[0;39m &amp#27;[36mc.devsync.admin.AdminControllerTest&amp#27;[0;39m - Starting AdminControllerTest using Java 21.0.11 with PID 3544 (started by NAKULSHARMA in C:\Users\NAKULSHARMA\Downloads\developmentsync-main\backend)
2026-08-10 21:13:09.729 [main] &amp#27;[34mINFO &amp#27;[0;39m &amp#27;[36mc.devsync.admin.AdminControllerTest&amp#27;[0;39m - The following 1 profile is active: "test"
2026-08-10 21:13:15.078 [main] &amp#27;[34mINFO &amp#27;[0;39m &amp#27;[36mo.s.d.r.c.RepositoryConfigurationDelegate&amp#27;[0;39m - Bootstrapping Spring Data JPA repositories in DEFAULT mode.
2026-08-10 21:13:15.535 [main] &amp#27;[34mINFO &amp#27;[0;39m &amp#27;[36mo.s.d.r.c.RepositoryConfigurationDelegate&amp#27;[0;39m - Finished Spring Data repository scanning in 438 ms. Found 25 JPA repository interfaces.
2026-08-10 21:13:18.476 [main] &amp#27;[34mINFO &amp#27;[0;39m &amp#27;[36mo.h.jpa.internal.util.LogHelper&amp#27;[0;39m - HHH000204: Processing PersistenceUnitInfo [name: default]
2026-08-10 21:13:18.663 [main] &amp#27;[34mINFO &amp#27;[0;39m &amp#27;[36morg.hibernate.Version&amp#27;[0;39m - HHH000412: Hibernate ORM core version 6.6.39.Final
2026-08-10 21:13:18.804 [main] &amp#27;[34mINFO &amp#27;[0;39m &amp#27;[36mo.h.c.i.RegionFactoryInitiator&amp#27;[0;39m - HHH000026: Second-level cache disabled
2026-08-10 21:13:19.295 [main] &amp#27;[34mINFO &amp#27;[0;39m &amp#27;[36mo.s.o.j.p.SpringPersistenceUnitInfo&amp#27;[0;39m - No LoadTimeWeaver setup: ignoring JPA class transformer
2026-08-10 21:13:19.386 [main] &amp#27;[34mINFO &amp#27;[0;39m &amp#27;[36mcom.zaxxer.hikari.HikariDataSource&amp#27;[0;39m - HikariPool-1 - Starting...
2026-08-10 21:13:20.046 [main] &amp#27;[34mINFO &amp#27;[0;39m &amp#27;[36mcom.zaxxer.hikari.pool.HikariPool&amp#27;[0;39m - HikariPool-1 - Added connection conn0: url=jdbc:h2:mem:testdb user=SA
2026-08-10 21:13:20.046 [main] &amp#27;[34mINFO &amp#27;[0;39m &amp#27;[36mcom.zaxxer.hikari.HikariDataSource&amp#27;[0;39m - HikariPool-1 - Start completed.
2026-08-10 21:13:20.124 [main] &amp#27;[31mWARN &amp#27;[0;39m &amp#27;[36morg.hibernate.orm.deprecation&amp#27;[0;39m - HHH90000025: H2Dialect does not need to be specified explicitly using 'hibernate.dialect' (remove the property setting and it will be selected by default)
2026-08-10 21:13:20.202 [main] &amp#27;[34mINFO &amp#27;[0;39m &amp#27;[36mo.hibernate.orm.connections.pooling&amp#27;[0;39m - HHH10001005: Database info:
	Database JDBC URL [Connecting through datasource 'HikariDataSource (HikariPool-1)']
	Database driver: undefined/unknown
	Database version: 2.3.232
	Autocommit mode: undefined/unknown
	Isolation level: undefined/unknown
	Minimum pool size: undefined/unknown
	Maximum pool size: undefined/unknown
2026-08-10 21:13:20.278 [main] &amp#27;[31mWARN &amp#27;[0;39m &amp#27;[36morg.hibernate.orm.incubating&amp#27;[0;39m - HHH90006001: Encountered incubating setting [hibernate.type.preferred_instant_jdbc_type].  See javadoc on corresponding `org.hibernate.cfg.AvailableSettings` constant for details.
2026-08-10 21:13:21.072 [main] &amp#27;[31mWARN &amp#27;[0;39m &amp#27;[36morg.hibernate.orm.incubating&amp#27;[0;39m - HHH90006001: Encountered incubating setting [hibernate.type.preferred_instant_jdbc_type].  See javadoc on corresponding `org.hibernate.cfg.AvailableSettings` constant for details.
2026-08-10 21:13:21.072 [main] &amp#27;[31mWARN &amp#27;[0;39m &amp#27;[36morg.hibernate.orm.incubating&amp#27;[0;39m - HHH90006001: Encountered incubating setting [hibernate.type.preferred_instant_jdbc_type].  See javadoc on corresponding `org.hibernate.cfg.AvailableSettings` constant for details.
2026-08-10 21:13:21.087 [main] &amp#27;[31mWARN &amp#27;[0;39m &amp#27;[36morg.hibernate.orm.incubating&amp#27;[0;39m - HHH90006001: Encountered incubating setting [hibernate.type.preferred_instant_jdbc_type].  See javadoc on corresponding `org.hibernate.cfg.AvailableSettings` constant for details.
2026-08-10 21:13:21.087 [main] &amp#27;[31mWARN &amp#27;[0;39m &amp#27;[36morg.hibernate.orm.incubating&amp#27;[0;39m - HHH90006001: Encountered incubating setting [hibernate.type.preferred_instant_jdbc_type].  See javadoc on corresponding `org.hibernate.cfg.AvailableSettings` constant for details.
2026-08-10 21:13:21.087 [main] &amp#27;[31mWARN &amp#27;[0;39m &amp#27;[36morg.hibernate.orm.incubating&amp#27;[0;39m - HHH90006001: Encountered incubating setting [hibernate.type.preferred_instant_jdbc_type].  See javadoc on corresponding `org.hibernate.cfg.AvailableSettings` constant for details.
2026-08-10 21:13:21.087 [main] &amp#27;[31mWARN &amp#27;[0;39m &amp#27;[36morg.hibernate.orm.incubating&amp#27;[0;39m - HHH90006001: Encountered incubating setting [hibernate.type.preferred_instant_jdbc_type].  See javadoc on corresponding `org.hibernate.cfg.AvailableSettings` constant for details.
2026-08-10 21:13:21.087 [main] &amp#27;[31mWARN &amp#27;[0;39m &amp#27;[36morg.hibernate.orm.incubating&amp#27;[0;39m - HHH90006001: Encountered incubating setting [hibernate.type.preferred_instant_jdbc_type].  See javadoc on corresponding `org.hibernate.cfg.AvailableSettings` constant for details.
2026-08-10 21:13:21.087 [main] &amp#27;[31mWARN &amp#27;[0;39m &amp#27;[36morg.hibernate.orm.incubating&amp#27;[0;39m - HHH90006001: Encountered incubating setting [hibernate.type.preferred_instant_jdbc_type].  See javadoc on corresponding `org.hibernate.cfg.AvailableSettings` constant for details.
2026-08-10 21:13:21.087 [main] &amp#27;[31mWARN &amp#27;[0;39m &amp#27;[36morg.hibernate.orm.incubating&amp#27;[0;39m - HHH90006001: Encountered incubating setting [hibernate.type.preferred_instant_jdbc_type].  See javadoc on corresponding `org.hibernate.cfg.AvailableSettings` constant for details.
2026-08-10 21:13:21.087 [main] &amp#27;[31mWARN &amp#27;[0;39m &amp#27;[36morg.hibernate.orm.incubating&amp#27;[0;39m - HHH90006001: Encountered incubating setting [hibernate.type.preferred_instant_jdbc_type].  See javadoc on corresponding `org.hibernate.cfg.AvailableSettings` constant for details.
2026-08-10 21:13:21.087 [main] &amp#27;[31mWARN &amp#27;[0;39m &amp#27;[36morg.hibernate.orm.incubating&amp#27;[0;39m - HHH90006001: Encountered incubating setting [hibernate.type.preferred_instant_jdbc_type].  See javadoc on corresponding `org.hibernate.cfg.AvailableSettings` constant for details.
2026-08-10 21:13:21.087 [main] &amp#27;[31mWARN &amp#27;[0;39m &amp#27;[36morg.hibernate.orm.incubating&amp#27;[0;39m - HHH90006001: Encountered incubating setting [hibernate.type.preferred_instant_jdbc_type].  See javadoc on corresponding `org.hibernate.cfg.AvailableSettings` constant for details.
2026-08-10 21:13:21.087 [main] &amp#27;[31mWARN &amp#27;[0;39m &amp#27;[36morg.hibernate.orm.incubating&amp#27;[0;39m - HHH90006001: Encountered incubating setting [hibernate.type.preferred_instant_jdbc_type].  See javadoc on corresponding `org.hibernate.cfg.AvailableSettings` constant for details.
2026-08-10 21:13:21.087 [main] &amp#27;[31mWARN &amp#27;[0;39m &amp#27;[36morg.hibernate.orm.incubating&amp#27;[0;39m - HHH90006001: Encountered incubating setting [hibernate.type.preferred_instant_jdbc_type].  See javadoc on corresponding `org.hibernate.cfg.AvailableSettings` constant for details.
2026-08-10 21:13:21.087 [main] &amp#27;[31mWARN &amp#27;[0;39m &amp#27;[36morg.hibernate.orm.incubating&amp#27;[0;39m - HHH90006001: Encountered incubating setting [hibernate.type.preferred_instant_jdbc_type].  See javadoc on corresponding `org.hibernate.cfg.AvailableSettings` constant for details.
2026-08-10 21:13:21.087 [main] &amp#27;[31mWARN &amp#27;[0;39m &amp#27;[36morg.hibernate.orm.incubating&amp#27;[0;39m - HHH90006001: Encountered incubating setting [hibernate.type.preferred_instant_jdbc_type].  See javadoc on corresponding `org.hibernate.cfg.AvailableSettings` constant for details.
2026-08-10 21:13:21.087 [main] &amp#27;[31mWARN &amp#27;[0;39m &amp#27;[36morg.hibernate.orm.incubating&amp#27;[0;39m - HHH90006001: Encountered incubating setting [hibernate.type.preferred_instant_jdbc_type].  See javadoc on corresponding `org.hibernate.cfg.AvailableSettings` constant for details.
2026-08-10 21:13:21.103 [main] &amp#27;[31mWARN &amp#27;[0;39m &amp#27;[36morg.hibernate.orm.incubating&amp#27;[0;39m - HHH90006001: Encountered incubating setting [hibernate.type.preferred_instant_jdbc_type].  See javadoc on corresponding `org.hibernate.cfg.AvailableSettings` constant for details.
2026-08-10 21:13:21.103 [main] &amp#27;[31mWARN &amp#27;[0;39m &amp#27;[36morg.hibernate.orm.incubating&amp#27;[0;39m - HHH90006001: Encountered incubating setting [hibernate.type.preferred_instant_jdbc_type].  See javadoc on corresponding `org.hibernate.cfg.AvailableSettings` constant for details.
2026-08-10 21:13:21.103 [main] &amp#27;[31mWARN &amp#27;[0;39m &amp#27;[36morg.hibernate.orm.incubating&amp#27;[0;39m - HHH90006001: Encountered incubating setting [hibernate.type.preferred_instant_jdbc_type].  See javadoc on corresponding `org.hibernate.cfg.AvailableSettings` constant for details.
2026-08-10 21:13:21.103 [main] &amp#27;[31mWARN &amp#27;[0;39m &amp#27;[36morg.hibernate.orm.incubating&amp#27;[0;39m - HHH90006001: Encountered incubating setting [hibernate.type.preferred_instant_jdbc_type].  See javadoc on corresponding `org.hibernate.cfg.AvailableSettings` constant for details.
2026-08-10 21:13:21.103 [main] &amp#27;[31mWARN &amp#27;[0;39m &amp#27;[36morg.hibernate.orm.incubating&amp#27;[0;39m - HHH90006001: Encountered incubating setting [hibernate.type.preferred_instant_jdbc_type].  See javadoc on corresponding `org.hibernate.cfg.AvailableSettings` constant for details.
2026-08-10 21:13:21.103 [main] &amp#27;[31mWARN &amp#27;[0;39m &amp#27;[36morg.hibernate.orm.incubating&amp#27;[0;39m - HHH90006001: Encountered incubating setting [hibernate.type.preferred_instant_jdbc_type].  See javadoc on corresponding `org.hibernate.cfg.AvailableSettings` constant for details.
2026-08-10 21:13:21.103 [main] &amp#27;[31mWARN &amp#27;[0;39m &amp#27;[36morg.hibernate.orm.incubating&amp#27;[0;39m - HHH90006001: Encountered incubating setting [hibernate.type.preferred_instant_jdbc_type].  See javadoc on corresponding `org.hibernate.cfg.AvailableSettings` constant for details.
2026-08-10 21:13:21.103 [main] &amp#27;[31mWARN &amp#27;[0;39m &amp#27;[36morg.hibernate.orm.incubating&amp#27;[0;39m - HHH90006001: Encountered incubating setting [hibernate.type.preferred_instant_jdbc_type].  See javadoc on corresponding `org.hibernate.cfg.AvailableSettings` constant for details.
2026-08-10 21:13:21.103 [main] &amp#27;[31mWARN &amp#27;[0;39m &amp#27;[36morg.hibernate.orm.incubating&amp#27;[0;39m - HHH90006001: Encountered incubating setting [hibernate.type.preferred_instant_jdbc_type].  See javadoc on corresponding `org.hibernate.cfg.AvailableSettings` constant for details.
2026-08-10 21:13:21.103 [main] &amp#27;[31mWARN &amp#27;[0;39m &amp#27;[36morg.hibernate.orm.incubating&amp#27;[0;39m - HHH90006001: Encountered incubating setting [hibernate.type.preferred_instant_jdbc_type].  See javadoc on corresponding `org.hibernate.cfg.AvailableSettings` constant for details.
2026-08-10 21:13:21.103 [main] &amp#27;[31mWARN &amp#27;[0;39m &amp#27;[36morg.hibernate.orm.incubating&amp#27;[0;39m - HHH90006001: Encountered incubating setting [hibernate.type.preferred_instant_jdbc_type].  See javadoc on corresponding `org.hibernate.cfg.AvailableSettings` constant for details.
2026-08-10 21:13:21.103 [main] &amp#27;[31mWARN &amp#27;[0;39m &amp#27;[36morg.hibernate.orm.incubating&amp#27;[0;39m - HHH90006001: Encountered incubating setting [hibernate.type.preferred_instant_jdbc_type].  See javadoc on corresponding `org.hibernate.cfg.AvailableSettings` constant for details.
2026-08-10 21:13:21.103 [main] &amp#27;[31mWARN &amp#27;[0;39m &amp#27;[36morg.hibernate.orm.incubating&amp#27;[0;39m - HHH90006001: Encountered incubating setting [hibernate.type.preferred_instant_jdbc_type].  See javadoc on corresponding `org.hibernate.cfg.AvailableSettings` constant for details.
2026-08-10 21:13:21.103 [main] &amp#27;[31mWARN &amp#27;[0;39m &amp#27;[36morg.hibernate.orm.incubating&amp#27;[0;39m - HHH90006001: Encountered incubating setting [hibernate.type.preferred_instant_jdbc_type].  See javadoc on corresponding `org.hibernate.cfg.AvailableSettings` constant for details.
2026-08-10 21:13:21.103 [main] &amp#27;[31mWARN &amp#27;[0;39m &amp#27;[36morg.hibernate.orm.incubating&amp#27;[0;39m - HHH90006001: Encountered incubating setting [hibernate.type.preferred_instant_jdbc_type].  See javadoc on corresponding `org.hibernate.cfg.AvailableSettings` constant for details.
2026-08-10 21:13:21.103 [main] &amp#27;[31mWARN &amp#27;[0;39m &amp#27;[36morg.hibernate.orm.incubating&amp#27;[0;39m - HHH90006001: Encountered incubating setting [hibernate.type.preferred_instant_jdbc_type].  See javadoc on corresponding `org.hibernate.cfg.AvailableSettings` constant for details.
2026-08-10 21:13:21.103 [main] &amp#27;[31mWARN &amp#27;[0;39m &amp#27;[36morg.hibernate.orm.incubating&amp#27;[0;39m - HHH90006001: Encountered incubating setting [hibernate.type.preferred_instant_jdbc_type].  See javadoc on corresponding `org.hibernate.cfg.AvailableSettings` constant for details.
2026-08-10 21:13:21.118 [main] &amp#27;[31mWARN &amp#27;[0;39m &amp#27;[36morg.hibernate.orm.incubating&amp#27;[0;39m - HHH90006001: Encountered incubating setting [hibernate.type.preferred_instant_jdbc_type].  See javadoc on corresponding `org.hibernate.cfg.AvailableSettings` constant for details.
2026-08-10 21:13:21.118 [main] &amp#27;[31mWARN &amp#27;[0;39m &amp#27;[36morg.hibernate.orm.incubating&amp#27;[0;39m - HHH90006001: Encountered incubating setting [hibernate.type.preferred_instant_jdbc_type].  See javadoc on corresponding `org.hibernate.cfg.AvailableSettings` constant for details.
2026-08-10 21:13:21.118 [main] &amp#27;[31mWARN &amp#27;[0;39m &amp#27;[36morg.hibernate.orm.incubating&amp#27;[0;39m - HHH90006001: Encountered incubating setting [hibernate.type.preferred_instant_jdbc_type].  See javadoc on corresponding `org.hibernate.cfg.AvailableSettings` constant for details.
2026-08-10 21:13:21.118 [main] &amp#27;[31mWARN &amp#27;[0;39m &amp#27;[36morg.hibernate.orm.incubating&amp#27;[0;39m - HHH90006001: Encountered incubating setting [hibernate.type.preferred_instant_jdbc_type].  See javadoc on corresponding `org.hibernate.cfg.AvailableSettings` constant for details.
2026-08-10 21:13:21.118 [main] &amp#27;[31mWARN &amp#27;[0;39m &amp#27;[36morg.hibernate.orm.incubating&amp#27;[0;39m - HHH90006001: Encountered incubating setting [hibernate.type.preferred_instant_jdbc_type].  See javadoc on corresponding `org.hibernate.cfg.AvailableSettings` constant for details.
2026-08-10 21:13:21.118 [main] &amp#27;[31mWARN &amp#27;[0;39m &amp#27;[36morg.hibernate.orm.incubating&amp#27;[0;39m - HHH90006001: Encountered incubating setting [hibernate.type.preferred_instant_jdbc_type].  See javadoc on corresponding `org.hibernate.cfg.AvailableSettings` constant for details.
2026-08-10 21:13:21.118 [main] &amp#27;[31mWARN &amp#27;[0;39m &amp#27;[36morg.hibernate.orm.incubating&amp#27;[0;39m - HHH90006001: Encountered incubating setting [hibernate.type.preferred_instant_jdbc_type].  See javadoc on corresponding `org.hibernate.cfg.AvailableSettings` constant for details.
2026-08-10 21:13:21.118 [main] &amp#27;[31mWARN &amp#27;[0;39m &amp#27;[36morg.hibernate.orm.incubating&amp#27;[0;39m - HHH90006001: Encountered incubating setting [hibernate.type.preferred_instant_jdbc_type].  See javadoc on corresponding `org.hibernate.cfg.AvailableSettings` constant for details.
2026-08-10 21:13:21.118 [main] &amp#27;[31mWARN &amp#27;[0;39m &amp#27;[36morg.hibernate.orm.incubating&amp#27;[0;39m - HHH90006001: Encountered incubating setting [hibernate.type.preferred_instant_jdbc_type].  See javadoc on corresponding `org.hibernate.cfg.AvailableSettings` constant for details.
2026-08-10 21:13:21.118 [main] &amp#27;[31mWARN &amp#27;[0;39m &amp#27;[36morg.hibernate.orm.incubating&amp#27;[0;39m - HHH90006001: Encountered incubating setting [hibernate.type.preferred_instant_jdbc_type].  See javadoc on corresponding `org.hibernate.cfg.AvailableSettings` constant for details.
2026-08-10 21:13:21.118 [main] &amp#27;[31mWARN &amp#27;[0;39m &amp#27;[36morg.hibernate.orm.incubating&amp#27;[0;39m - HHH90006001: Encountered incubating setting [hibernate.type.preferred_instant_jdbc_type].  See javadoc on corresponding `org.hibernate.cfg.AvailableSettings` constant for details.
2026-08-10 21:13:21.118 [main] &amp#27;[31mWARN &amp#27;[0;39m &amp#27;[36morg.hibernate.orm.incubating&amp#27;[0;39m - HHH90006001: Encountered incubating setting [hibernate.type.preferred_instant_jdbc_type].  See javadoc on corresponding `org.hibernate.cfg.AvailableSettings` constant for details.
2026-08-10 21:13:21.118 [main] &amp#27;[31mWARN &amp#27;[0;39m &amp#27;[36morg.hibernate.orm.incubating&amp#27;[0;39m - HHH90006001: Encountered incubating setting [hibernate.type.preferred_instant_jdbc_type].  See javadoc on corresponding `org.hibernate.cfg.AvailableSettings` constant for details.
2026-08-10 21:13:21.118 [main] &amp#27;[31mWARN &amp#27;[0;39m &amp#27;[36morg.hibernate.orm.incubating&amp#27;[0;39m - HHH90006001: Encountered incubating setting [hibernate.type.preferred_instant_jdbc_type].  See javadoc on corresponding `org.hibernate.cfg.AvailableSettings` constant for details.
2026-08-10 21:13:21.118 [main] &amp#27;[31mWARN &amp#27;[0;39m &amp#27;[36morg.hibernate.orm.incubating&amp#27;[0;39m - HHH90006001: Encountered incubating setting [hibernate.type.preferred_instant_jdbc_type].  See javadoc on corresponding `org.hibernate.cfg.AvailableSettings` constant for details.
2026-08-10 21:13:21.118 [main] &amp#27;[31mWARN &amp#27;[0;39m &amp#27;[36morg.hibernate.orm.incubating&amp#27;[0;39m - HHH90006001: Encountered incubating setting [hibernate.type.preferred_instant_jdbc_type].  See javadoc on corresponding `org.hibernate.cfg.AvailableSettings` constant for details.
2026-08-10 21:13:21.134 [main] &amp#27;[31mWARN &amp#27;[0;39m &amp#27;[36morg.hibernate.orm.incubating&amp#27;[0;39m - HHH90006001: Encountered incubating setting [hibernate.type.preferred_instant_jdbc_type].  See javadoc on corresponding `org.hibernate.cfg.AvailableSettings` constant for details.
2026-08-10 21:13:21.134 [main] &amp#27;[31mWARN &amp#27;[0;39m &amp#27;[36morg.hibernate.orm.incubating&amp#27;[0;39m - HHH90006001: Encountered incubating setting [hibernate.type.preferred_instant_jdbc_type].  See javadoc on corresponding `org.hibernate.cfg.AvailableSettings` constant for details.
2026-08-10 21:13:21.134 [main] &amp#27;[31mWARN &amp#27;[0;39m &amp#27;[36morg.hibernate.orm.incubating&amp#27;[0;39m - HHH90006001: Encountered incubating setting [hibernate.type.preferred_instant_jdbc_type].  See javadoc on corresponding `org.hibernate.cfg.AvailableSettings` constant for details.
2026-08-10 21:13:21.134 [main] &amp#27;[31mWARN &amp#27;[0;39m &amp#27;[36morg.hibernate.orm.incubating&amp#27;[0;39m - HHH90006001: Encountered incubating setting [hibernate.type.preferred_instant_jdbc_type].  See javadoc on corresponding `org.hibernate.cfg.AvailableSettings` constant for details.
2026-08-10 21:13:21.134 [main] &amp#27;[31mWARN &amp#27;[0;39m &amp#27;[36morg.hibernate.orm.incubating&amp#27;[0;39m - HHH90006001: Encountered incubating setting [hibernate.type.preferred_instant_jdbc_type].  See javadoc on corresponding `org.hibernate.cfg.AvailableSettings` constant for details.
2026-08-10 21:13:21.134 [main] &amp#27;[31mWARN &amp#27;[0;39m &amp#27;[36morg.hibernate.orm.incubating&amp#27;[0;39m - HHH90006001: Encountered incubating setting [hibernate.type.preferred_instant_jdbc_type].  See javadoc on corresponding `org.hibernate.cfg.AvailableSettings` constant for details.
2026-08-10 21:13:21.134 [main] &amp#27;[31mWARN &amp#27;[0;39m &amp#27;[36morg.hibernate.orm.incubating&amp#27;[0;39m - HHH90006001: Encountered incubating setting [hibernate.type.preferred_instant_jdbc_type].  See javadoc on corresponding `org.hibernate.cfg.AvailableSettings` constant for details.
2026-08-10 21:13:21.134 [main] &amp#27;[31mWARN &amp#27;[0;39m &amp#27;[36morg.hibernate.orm.incubating&amp#27;[0;39m - HHH90006001: Encountered incubating setting [hibernate.type.preferred_instant_jdbc_type].  See javadoc on corresponding `org.hibernate.cfg.AvailableSettings` constant for details.
2026-08-10 21:13:21.134 [main] &amp#27;[31mWARN &amp#27;[0;39m &amp#27;[36morg.hibernate.orm.incubating&amp#27;[0;39m - HHH90006001: Encountered incubating setting [hibernate.type.preferred_instant_jdbc_type].  See javadoc on corresponding `org.hibernate.cfg.AvailableSettings` constant for details.
2026-08-10 21:13:21.134 [main] &amp#27;[31mWARN &amp#27;[0;39m &amp#27;[36morg.hibernate.orm.incubating&amp#27;[0;39m - HHH90006001: Encountered incubating setting [hibernate.type.preferred_instant_jdbc_type].  See javadoc on corresponding `org.hibernate.cfg.AvailableSettings` constant for details.
2026-08-10 21:13:21.134 [main] &amp#27;[31mWARN &amp#27;[0;39m &amp#27;[36morg.hibernate.orm.incubating&amp#27;[0;39m - HHH90006001: Encountered incubating setting [hibernate.type.preferred_instant_jdbc_type].  See javadoc on corresponding `org.hibernate.cfg.AvailableSettings` constant for details.
2026-08-10 21:13:21.134 [main] &amp#27;[31mWARN &amp#27;[0;39m &amp#27;[36morg.hibernate.orm.incubating&amp#27;[0;39m - HHH90006001: Encountered incubating setting [hibernate.type.preferred_instant_jdbc_type].  See javadoc on corresponding `org.hibernate.cfg.AvailableSettings` constant for details.
2026-08-10 21:13:21.197 [main] &amp#27;[31mWARN &amp#27;[0;39m &amp#27;[36morg.hibernate.orm.incubating&amp#27;[0;39m - HHH90006001: Encountered incubating setting [hibernate.type.preferred_instant_jdbc_type].  See javadoc on corresponding `org.hibernate.cfg.AvailableSettings` constant for details.
2026-08-10 21:13:24.044 [main] &amp#27;[34mINFO &amp#27;[0;39m &amp#27;[36mo.h.e.t.j.p.i.JtaPlatformInitiator&amp#27;[0;39m - HHH000489: No JTA platform available (set 'hibernate.transaction.jta.platform' to enable JTA platform integration)
2026-08-10 21:13:24.216 [main] &amp#27;[34mINFO &amp#27;[0;39m &amp#27;[36mo.s.o.j.LocalContainerEntityManagerFactoryBean&amp#27;[0;39m - Initialized JPA EntityManagerFactory for persistence unit 'default'
2026-08-10 21:13:25.090 [main] &amp#27;[34mINFO &amp#27;[0;39m &amp#27;[36mo.s.d.j.r.query.QueryEnhancerFactory&amp#27;[0;39m - Hibernate is in classpath; If applicable, HQL parser will be used.
2026-08-10 21:13:34.156 [main] &amp#27;[31mWARN &amp#27;[0;39m &amp#27;[36mo.s.b.a.o.j.JpaBaseConfiguration$JpaWebConfiguration&amp#27;[0;39m - spring.jpa.open-in-view is enabled by default. Therefore, database queries may be performed during view rendering. Explicitly configure spring.jpa.open-in-view to disable this warning
2026-08-10 21:13:34.218 [main] &amp#27;[34mINFO &amp#27;[0;39m &amp#27;[36mo.s.s.c.a.a.c.InitializeUserDetailsBeanManagerConfigurer$InitializeUserDetailsManagerConfigurer&amp#27;[0;39m - Global AuthenticationManager configured with UserDetailsService bean with name userDetailsServiceImpl
2026-08-10 21:13:35.506 [main] &amp#27;[34mINFO &amp#27;[0;39m &amp#27;[36mo.s.b.a.e.web.EndpointLinksResolver&amp#27;[0;39m - Exposing 2 endpoints beneath base path '/actuator'
2026-08-10 21:13:37.104 [main] &amp#27;[34mINFO &amp#27;[0;39m &amp#27;[36mo.s.b.t.m.w.SpringBootMockServletContext&amp#27;[0;39m - Initializing Spring TestDispatcherServlet ''
2026-08-10 21:13:37.104 [main] &amp#27;[34mINFO &amp#27;[0;39m &amp#27;[36mo.s.t.w.s.TestDispatcherServlet&amp#27;[0;39m - Initializing Servlet ''
2026-08-10 21:13:37.104 [main] &amp#27;[34mINFO &amp#27;[0;39m &amp#27;[36mo.s.t.w.s.TestDispatcherServlet&amp#27;[0;39m - Completed initialization in 0 ms
2026-08-10 21:13:37.262 [main] &amp#27;[34mINFO &amp#27;[0;39m &amp#27;[36mo.s.m.s.b.SimpleBrokerMessageHandler&amp#27;[0;39m - Starting...
2026-08-10 21:13:37.262 [main] &amp#27;[34mINFO &amp#27;[0;39m &amp#27;[36mo.s.m.s.b.SimpleBrokerMessageHandler&amp#27;[0;39m - BrokerAvailabilityEvent[available=true, SimpleBrokerMessageHandler [org.springframework.messaging.simp.broker.DefaultSubscriptionRegistry@1727f684]]
2026-08-10 21:13:37.262 [main] &amp#27;[34mINFO &amp#27;[0;39m &amp#27;[36mo.s.m.s.b.SimpleBrokerMessageHandler&amp#27;[0;39m - Started.
2026-08-10 21:13:37.324 [main] &amp#27;[34mINFO &amp#27;[0;39m &amp#27;[36mc.devsync.admin.AdminControllerTest&amp#27;[0;39m - Started AdminControllerTest in 28.741 seconds (process running for 36.591)
2026-08-10 21:13:37.543 [main] &amp#27;[34mINFO &amp#27;[0;39m &amp#27;[36mcom.devsync.config.DataInitializer&amp#27;[0;39m - Admin seeding disabled. To seed a bootstrap admin, set DEVSYNC_ADMIN_SEED_ENABLED=true with DEVSYNC_ADMIN_EMAIL and DEVSYNC_ADMIN_PASSWORD.
]]></system-out>
  </testcase>
  <testcase name="adminActivity_shouldReturn200_ForAdmin" classname="com.devsync.admin.AdminControllerTest" time="0.116"/>
  <testcase name="users_shouldReturn403_ForNormalUser" classname="com.devsync.admin.AdminControllerTest" time="0.047"/>
  <testcase name="projectDetail_shouldReturn404_WhenNotFound" classname="com.devsync.admin.AdminControllerTest" time="0.069"/>
  <testcase name="auditLogs_shouldReturn401_WhenNoToken" classname="com.devsync.admin.AdminControllerTest" time="0.047"/>
  <testcase name="archiveProject_shouldReturn200_ForAdmin" classname="com.devsync.admin.AdminControllerTest" time="0.047"/>
  <testcase name="deleteProject_shouldReturn403_ForNormalUser" classname="com.devsync.admin.AdminControllerTest" time="0.043"/>
  <testcase name="deleteUser_shouldReturn403_ForNormalUser" classname="com.devsync.admin.AdminControllerTest" time="0.033"/>
  <testcase name="adminActivity_shouldReturn403_ForNormalUser" classname="com.devsync.admin.AdminControllerTest" time="0.016"/>
  <testcase name="usersPaged_shouldReturn403_ForNormalUser" classname="com.devsync.admin.AdminControllerTest" time="0.016"/>
  <testcase name="archiveProject_shouldReturn403_ForNormalUser" classname="com.devsync.admin.AdminControllerTest" time="0.031"/>
  <testcase name="blockUser_shouldReturn403_ForNormalUser" classname="com.devsync.admin.AdminControllerTest" time="0.032"/>
  <testcase name="projectStats_shouldReturn403_ForNormalUser" classname="com.devsync.admin.AdminControllerTest" time="0.031"/>
  <testcase name="dashboard_shouldReturn401_WhenNoToken" classname="com.devsync.admin.AdminControllerTest" time="0.015"/>
  <testcase name="updateVisibility_shouldReturn403_ForNormalUser" classname="com.devsync.admin.AdminControllerTest" time="0.063"/>
  <testcase name="auditLogExport_shouldReturn403_ForNormalUser" classname="com.devsync.admin.AdminControllerTest" time="0.016"/>
  <testcase name="userDetail_shouldReturn200_ForAdmin" classname="com.devsync.admin.AdminControllerTest" time="0.047"/>
  <testcase name="deleteProject_shouldReturn204_ForAdmin" classname="com.devsync.admin.AdminControllerTest" time="0.031"/>
  <testcase name="updateVisibility_shouldReturn200_ForAdmin" classname="com.devsync.admin.AdminControllerTest" time="0.192"/>
  <testcase name="projectDetail_shouldReturn200_ForAdmin" classname="com.devsync.admin.AdminControllerTest" time="0.046"/>
  <testcase name="auditLogs_shouldReturn403_ForNormalUser" classname="com.devsync.admin.AdminControllerTest" time="0.016"/>
  <testcase name="dashboard_shouldReturn200_ForAdmin" classname="com.devsync.admin.AdminControllerTest" time="0.031"/>
  <testcase name="usersPaged_shouldReturn200_WithPageResponse_ForAdmin" classname="com.devsync.admin.AdminControllerTest" time="0.038"/>
  <testcase name="projectsPage_shouldReturn403_ForNormalUser" classname="com.devsync.admin.AdminControllerTest" time="0.016"/>
  <testcase name="blockUser_shouldAcceptReasonBody" classname="com.devsync.admin.AdminControllerTest" time="0.032"/>
  <testcase name="deleteUser_shouldReturn204_ForAdmin" classname="com.devsync.admin.AdminControllerTest" time="0.015"/>
  <testcase name="projectStats_shouldReturn200_ForAdmin" classname="com.devsync.admin.AdminControllerTest" time="0.016"/>
  <testcase name="updateVisibility_shouldReturn400_WhenBlank" classname="com.devsync.admin.AdminControllerTest" time="0.016"/>
  <testcase name="usersPaged_shouldPassCreatedDateFiltersToService" classname="com.devsync.admin.AdminControllerTest" time="0.015"/>
  <testcase name="userDetail_shouldReturn404_WhenNotFound" classname="com.devsync.admin.AdminControllerTest" time="0.016"/>
  <testcase name="restoreProject_shouldReturn200_ForAdmin" classname="com.devsync.admin.AdminControllerTest" time="0.016"/>
  <testcase name="userDetail_shouldReturn403_ForNormalUser" classname="com.devsync.admin.AdminControllerTest" time="0.015"/>
  <testcase name="auditLogDetail_shouldReturn200_ForAdmin" classname="com.devsync.admin.AdminControllerTest" time="0.031"/>
  <testcase name="auditLogExport_shouldReturnCsv_ForAdmin" classname="com.devsync.admin.AdminControllerTest" time="0.032"/>
  <testcase name="dashboard_shouldReturn403_ForNormalUser" classname="com.devsync.admin.AdminControllerTest" time="0.015"/>
  <testcase name="users_shouldReturn401_WhenNoToken" classname="com.devsync.admin.AdminControllerTest" time="0.016"/>
  <testcase name="users_shouldReturn200_ForAdmin" classname="com.devsync.admin.AdminControllerTest" time="0.016"/>
  <testcase name="adminActivityStats_shouldReturn200_ForAdmin" classname="com.devsync.admin.AdminControllerTest" time="0.016"/>
  <testcase name="projectsPage_shouldReturn200_ForAdmin" classname="com.devsync.admin.AdminControllerTest" time="0.031"/>
  <testcase name="auditLogs_shouldReturn200_ForAdmin" classname="com.devsync.admin.AdminControllerTest" time="0.016"/>
  <testcase name="projects_shouldReturn401_WhenNoToken" classname="com.devsync.admin.AdminControllerTest" time="0.0"/>
  <testcase name="projectDetail_shouldReturn403_ForNormalUser" classname="com.devsync.admin.AdminControllerTest" time="0.032"/>
</testsuite>