<?xml version="1.0" encoding="UTF-8"?>
<testsuite xmlns:xsi="http://www.w3.org/2001/XMLSchema-instance" xsi:noNamespaceSchemaLocation="https://maven.apache.org/surefire/maven-surefire-plugin/xsd/surefire-test-report.xsd" version="3.0.2" name="com.devsync.analytics.AnalyticsAggregationRepositoryTest" time="4.223" tests="8" errors="0" skipped="0" failures="0">
  <properties>
[...]
</properties>
  <testcase name="groupedQueries_shouldReturnEmpty_WhenNoRows" classname="com.devsync.analytics.AnalyticsAggregationRepositoryTest" time="0.289">
    <system-out><![CDATA[2026-08-10 21:13:42.192 [main] &amp#27;[34mINFO &amp#27;[0;39m &amp#27;[36mo.s.t.c.s.AnnotationConfigContextLoaderUtils&amp#27;[0;39m - Could not detect default configuration classes for test class [com.devsync.analytics.AnalyticsAggregationRepositoryTest]: AnalyticsAggregationRepositoryTest does not declare any static, non-private, non-final, nested classes annotated with @Configuration.
2026-08-10 21:13:42.320 [main] &amp#27;[34mINFO &amp#27;[0;39m &amp#27;[36mo.s.b.t.c.SpringBootTestContextBootstrapper&amp#27;[0;39m - Found @SpringBootConfiguration com.devsync.DevSyncApplication for test class com.devsync.analytics.AnalyticsAggregationRepositoryTest
2026-08-10 21:13:42.336 [main] &amp#27;[34mINFO &amp#27;[0;39m &amp#27;[36mo.s.b.d.r.RestartApplicationListener&amp#27;[0;39m - Restart disabled due to context in which it is running

  .   ____          _            __ _ _
 /\\ / ___'_ __ _ _(_)_ __  __ _ \ \ \ \
( ( )\___ | '_ | '_| | '_ \/ _` | \ \ \ \
 \\/  ___)| |_)| | | | | || (_| |  ) ) ) )
  '  |____| .__|_| |_|_| |_\__, | / / / /
 =========|_|==============|___/=/_/_/_/

 :: Spring Boot ::               (v3.4.13)

2026-08-10 21:13:42.453 [main] &amp#27;[34mINFO &amp#27;[0;39m &amp#27;[36mc.d.a.AnalyticsAggregationRepositoryTest&amp#27;[0;39m - Starting AnalyticsAggregationRepositoryTest using Java 21.0.11 with PID 3544 (started by NAKULSHARMA in C:\Users\NAKULSHARMA\Downloads\developmentsync-main\backend)
2026-08-10 21:13:42.453 [main] &amp#27;[34mINFO &amp#27;[0;39m &amp#27;[36mc.d.a.AnalyticsAggregationRepositoryTest&amp#27;[0;39m - The following 1 profile is active: "test"
2026-08-10 21:13:43.071 [main] &amp#27;[34mINFO &amp#27;[0;39m &amp#27;[36mo.s.d.r.c.RepositoryConfigurationDelegate&amp#27;[0;39m - Bootstrapping Spring Data JPA repositories in DEFAULT mode.
2026-08-10 21:13:43.304 [main] &amp#27;[34mINFO &amp#27;[0;39m &amp#27;[36mo.s.d.r.c.RepositoryConfigurationDelegate&amp#27;[0;39m - Finished Spring Data repository scanning in 240 ms. Found 25 JPA repository interfaces.
2026-08-10 21:13:43.387 [main] &amp#27;[34mINFO &amp#27;[0;39m &amp#27;[36mo.s.b.t.a.j.TestDatabaseAutoConfiguration$EmbeddedDataSourceBeanFactoryPostProcessor&amp#27;[0;39m - Replacing 'dataSource' DataSource bean with embedded version
2026-08-10 21:13:43.454 [main] &amp#27;[34mINFO &amp#27;[0;39m &amp#27;[36mo.s.j.d.e.EmbeddedDatabaseFactory&amp#27;[0;39m - Starting embedded database: url='jdbc:h2:mem:93383d08-29d3-4a75-9d5c-482f01a565ac;DB_CLOSE_DELAY=-1;DB_CLOSE_ON_EXIT=false', username='sa'
2026-08-10 21:13:43.586 [main] &amp#27;[34mINFO &amp#27;[0;39m &amp#27;[36mo.h.jpa.internal.util.LogHelper&amp#27;[0;39m - HHH000204: Processing PersistenceUnitInfo [name: default]
2026-08-10 21:13:43.603 [main] &amp#27;[34mINFO &amp#27;[0;39m &amp#27;[36mo.h.c.i.RegionFactoryInitiator&amp#27;[0;39m - HHH000026: Second-level cache disabled
2026-08-10 21:13:43.669 [main] &amp#27;[34mINFO &amp#27;[0;39m &amp#27;[36mo.s.o.j.p.SpringPersistenceUnitInfo&amp#27;[0;39m - No LoadTimeWeaver setup: ignoring JPA class transformer
2026-08-10 21:13:43.669 [main] &amp#27;[31mWARN &amp#27;[0;39m &amp#27;[36morg.hibernate.orm.deprecation&amp#27;[0;39m - HHH90000025: H2Dialect does not need to be specified explicitly using 'hibernate.dialect' (remove the property setting and it will be selected by default)
2026-08-10 21:13:43.669 [main] &amp#27;[34mINFO &amp#27;[0;39m &amp#27;[36mo.hibernate.orm.connections.pooling&amp#27;[0;39m - HHH10001005: Database info:
	Database JDBC URL [Connecting through datasource 'org.springframework.jdbc.datasource.embedded.EmbeddedDatabaseFactory$EmbeddedDataSourceProxy@2811738d']
	Database driver: undefined/unknown
	Database version: 2.3.232
	Autocommit mode: undefined/unknown
	Isolation level: undefined/unknown
	Minimum pool size: undefined/unknown
	Maximum pool size: undefined/unknown
2026-08-10 21:13:43.669 [main] &amp#27;[31mWARN &amp#27;[0;39m &amp#27;[36morg.hibernate.orm.incubating&amp#27;[0;39m - HHH90006001: Encountered incubating setting [hibernate.type.preferred_instant_jdbc_type].  See javadoc on corresponding `org.hibernate.cfg.AvailableSettings` constant for details.
2026-08-10 21:13:43.887 [main] &amp#27;[31mWARN &amp#27;[0;39m &amp#27;[36morg.hibernate.orm.incubating&amp#27;[0;39m - HHH90006001: Encountered incubating setting [hibernate.type.preferred_instant_jdbc_type].  See javadoc on corresponding `org.hibernate.cfg.AvailableSettings` constant for details.
2026-08-10 21:13:43.887 [main] &amp#27;[31mWARN &amp#27;[0;39m &amp#27;[36morg.hibernate.orm.incubating&amp#27;[0;39m - HHH90006001: Encountered incubating setting [hibernate.type.preferred_instant_jdbc_type].  See javadoc on corresponding `org.hibernate.cfg.AvailableSettings` constant for details.
2026-08-10 21:13:43.887 [main] &amp#27;[31mWARN &amp#27;[0;39m &amp#27;[36morg.hibernate.orm.incubating&amp#27;[0;39m - HHH90006001: Encountered incubating setting [hibernate.type.preferred_instant_jdbc_type].  See javadoc on corresponding `org.hibernate.cfg.AvailableSettings` constant for details.
2026-08-10 21:13:43.887 [main] &amp#27;[31mWARN &amp#27;[0;39m &amp#27;[36morg.hibernate.orm.incubating&amp#27;[0;39m - HHH90006001: Encountered incubating setting [hibernate.type.preferred_instant_jdbc_type].  See javadoc on corresponding `org.hibernate.cfg.AvailableSettings` constant for details.
2026-08-10 21:13:43.887 [main] &amp#27;[31mWARN &amp#27;[0;39m &amp#27;[36morg.hibernate.orm.incubating&amp#27;[0;39m - HHH90006001: Encountered incubating setting [hibernate.type.preferred_instant_jdbc_type].  See javadoc on corresponding `org.hibernate.cfg.AvailableSettings` constant for details.
2026-08-10 21:13:43.887 [main] &amp#27;[31mWARN &amp#27;[0;39m &amp#27;[36morg.hibernate.orm.incubating&amp#27;[0;39m - HHH90006001: Encountered incubating setting [hibernate.type.preferred_instant_jdbc_type].  See javadoc on corresponding `org.hibernate.cfg.AvailableSettings` constant for details.
2026-08-10 21:13:43.887 [main] &amp#27;[31mWARN &amp#27;[0;39m &amp#27;[36morg.hibernate.orm.incubating&amp#27;[0;39m - HHH90006001: Encountered incubating setting [hibernate.type.preferred_instant_jdbc_type].  See javadoc on corresponding `org.hibernate.cfg.AvailableSettings` constant for details.
2026-08-10 21:13:43.887 [main] &amp#27;[31mWARN &amp#27;[0;39m &amp#27;[36morg.hibernate.orm.incubating&amp#27;[0;39m - HHH90006001: Encountered incubating setting [hibernate.type.preferred_instant_jdbc_type].  See javadoc on corresponding `org.hibernate.cfg.AvailableSettings` constant for details.
2026-08-10 21:13:43.887 [main] &amp#27;[31mWARN &amp#27;[0;39m &amp#27;[36morg.hibernate.orm.incubating&amp#27;[0;39m - HHH90006001: Encountered incubating setting [hibernate.type.preferred_instant_jdbc_type].  See javadoc on corresponding `org.hibernate.cfg.AvailableSettings` constant for details.
2026-08-10 21:13:43.887 [main] &amp#27;[31mWARN &amp#27;[0;39m &amp#27;[36morg.hibernate.orm.incubating&amp#27;[0;39m - HHH90006001: Encountered incubating setting [hibernate.type.preferred_instant_jdbc_type].  See javadoc on corresponding `org.hibernate.cfg.AvailableSettings` constant for details.
2026-08-10 21:13:43.887 [main] &amp#27;[31mWARN &amp#27;[0;39m &amp#27;[36morg.hibernate.orm.incubating&amp#27;[0;39m - HHH90006001: Encountered incubating setting [hibernate.type.preferred_instant_jdbc_type].  See javadoc on corresponding `org.hibernate.cfg.AvailableSettings` constant for details.
2026-08-10 21:13:43.887 [main] &amp#27;[31mWARN &amp#27;[0;39m &amp#27;[36morg.hibernate.orm.incubating&amp#27;[0;39m - HHH90006001: Encountered incubating setting [hibernate.type.preferred_instant_jdbc_type].  See javadoc on corresponding `org.hibernate.cfg.AvailableSettings` constant for details.
2026-08-10 21:13:43.887 [main] &amp#27;[31mWARN &amp#27;[0;39m &amp#27;[36morg.hibernate.orm.incubating&amp#27;[0;39m - HHH90006001: Encountered incubating setting [hibernate.type.preferred_instant_jdbc_type].  See javadoc on corresponding `org.hibernate.cfg.AvailableSettings` constant for details.
2026-08-10 21:13:43.887 [main] &amp#27;[31mWARN &amp#27;[0;39m &amp#27;[36morg.hibernate.orm.incubating&amp#27;[0;39m - HHH90006001: Encountered incubating setting [hibernate.type.preferred_instant_jdbc_type].  See javadoc on corresponding `org.hibernate.cfg.AvailableSettings` constant for details.
2026-08-10 21:13:43.887 [main] &amp#27;[31mWARN &amp#27;[0;39m &amp#27;[36morg.hibernate.orm.incubating&amp#27;[0;39m - HHH90006001: Encountered incubating setting [hibernate.type.preferred_instant_jdbc_type].  See javadoc on corresponding `org.hibernate.cfg.AvailableSettings` constant for details.
2026-08-10 21:13:43.887 [main] &amp#27;[31mWARN &amp#27;[0;39m &amp#27;[36morg.hibernate.orm.incubating&amp#27;[0;39m - HHH90006001: Encountered incubating setting [hibernate.type.preferred_instant_jdbc_type].  See javadoc on corresponding `org.hibernate.cfg.AvailableSettings` constant for details.
2026-08-10 21:13:43.887 [main] &amp#27;[31mWARN &amp#27;[0;39m &amp#27;[36morg.hibernate.orm.incubating&amp#27;[0;39m - HHH90006001: Encountered incubating setting [hibernate.type.preferred_instant_jdbc_type].  See javadoc on corresponding `org.hibernate.cfg.AvailableSettings` constant for details.
2026-08-10 21:13:43.887 [main] &amp#27;[31mWARN &amp#27;[0;39m &amp#27;[36morg.hibernate.orm.incubating&amp#27;[0;39m - HHH90006001: Encountered incubating setting [hibernate.type.preferred_instant_jdbc_type].  See javadoc on corresponding `org.hibernate.cfg.AvailableSettings` constant for details.
2026-08-10 21:13:43.887 [main] &amp#27;[31mWARN &amp#27;[0;39m &amp#27;[36morg.hibernate.orm.incubating&amp#27;[0;39m - HHH90006001: Encountered incubating setting [hibernate.type.preferred_instant_jdbc_type].  See javadoc on corresponding `org.hibernate.cfg.AvailableSettings` constant for details.
2026-08-10 21:13:43.887 [main] &amp#27;[31mWARN &amp#27;[0;39m &amp#27;[36morg.hibernate.orm.incubating&amp#27;[0;39m - HHH90006001: Encountered incubating setting [hibernate.type.preferred_instant_jdbc_type].  See javadoc on corresponding `org.hibernate.cfg.AvailableSettings` constant for details.
2026-08-10 21:13:43.887 [main] &amp#27;[31mWARN &amp#27;[0;39m &amp#27;[36morg.hibernate.orm.incubating&amp#27;[0;39m - HHH90006001: Encountered incubating setting [hibernate.type.preferred_instant_jdbc_type].  See javadoc on corresponding `org.hibernate.cfg.AvailableSettings` constant for details.
2026-08-10 21:13:43.887 [main] &amp#27;[31mWARN &amp#27;[0;39m &amp#27;[36morg.hibernate.orm.incubating&amp#27;[0;39m - HHH90006001: Encountered incubating setting [hibernate.type.preferred_instant_jdbc_type].  See javadoc on corresponding `org.hibernate.cfg.AvailableSettings` constant for details.
2026-08-10 21:13:43.887 [main] &amp#27;[31mWARN &amp#27;[0;39m &amp#27;[36morg.hibernate.orm.incubating&amp#27;[0;39m - HHH90006001: Encountered incubating setting [hibernate.type.preferred_instant_jdbc_type].  See javadoc on corresponding `org.hibernate.cfg.AvailableSettings` constant for details.
2026-08-10 21:13:43.887 [main] &amp#27;[31mWARN &amp#27;[0;39m &amp#27;[36morg.hibernate.orm.incubating&amp#27;[0;39m - HHH90006001: Encountered incubating setting [hibernate.type.preferred_instant_jdbc_type].  See javadoc on corresponding `org.hibernate.cfg.AvailableSettings` constant for details.
2026-08-10 21:13:43.887 [main] &amp#27;[31mWARN &amp#27;[0;39m &amp#27;[36morg.hibernate.orm.incubating&amp#27;[0;39m - HHH90006001: Encountered incubating setting [hibernate.type.preferred_instant_jdbc_type].  See javadoc on corresponding `org.hibernate.cfg.AvailableSettings` constant for details.
2026-08-10 21:13:43.887 [main] &amp#27;[31mWARN &amp#27;[0;39m &amp#27;[36morg.hibernate.orm.incubating&amp#27;[0;39m - HHH90006001: Encountered incubating setting [hibernate.type.preferred_instant_jdbc_type].  See javadoc on corresponding `org.hibernate.cfg.AvailableSettings` constant for details.
2026-08-10 21:13:43.887 [main] &amp#27;[31mWARN &amp#27;[0;39m &amp#27;[36morg.hibernate.orm.incubating&amp#27;[0;39m - HHH90006001: Encountered incubating setting [hibernate.type.preferred_instant_jdbc_type].  See javadoc on corresponding `org.hibernate.cfg.AvailableSettings` constant for details.
2026-08-10 21:13:43.887 [main] &amp#27;[31mWARN &amp#27;[0;39m &amp#27;[36morg.hibernate.orm.incubating&amp#27;[0;39m - HHH90006001: Encountered incubating setting [hibernate.type.preferred_instant_jdbc_type].  See javadoc on corresponding `org.hibernate.cfg.AvailableSettings` constant for details.
2026-08-10 21:13:43.905 [main] &amp#27;[31mWARN &amp#27;[0;39m &amp#27;[36morg.hibernate.orm.incubating&amp#27;[0;39m - HHH90006001: Encountered incubating setting [hibernate.type.preferred_instant_jdbc_type].  See javadoc on corresponding `org.hibernate.cfg.AvailableSettings` constant for details.
2026-08-10 21:13:43.905 [main] &amp#27;[31mWARN &amp#27;[0;39m &amp#27;[36morg.hibernate.orm.incubating&amp#27;[0;39m - HHH90006001: Encountered incubating setting [hibernate.type.preferred_instant_jdbc_type].  See javadoc on corresponding `org.hibernate.cfg.AvailableSettings` constant for details.
2026-08-10 21:13:43.905 [main] &amp#27;[31mWARN &amp#27;[0;39m &amp#27;[36morg.hibernate.orm.incubating&amp#27;[0;39m - HHH90006001: Encountered incubating setting [hibernate.type.preferred_instant_jdbc_type].  See javadoc on corresponding `org.hibernate.cfg.AvailableSettings` constant for details.
2026-08-10 21:13:43.905 [main] &amp#27;[31mWARN &amp#27;[0;39m &amp#27;[36morg.hibernate.orm.incubating&amp#27;[0;39m - HHH90006001: Encountered incubating setting [hibernate.type.preferred_instant_jdbc_type].  See javadoc on corresponding `org.hibernate.cfg.AvailableSettings` constant for details.
2026-08-10 21:13:43.905 [main] &amp#27;[31mWARN &amp#27;[0;39m &amp#27;[36morg.hibernate.orm.incubating&amp#27;[0;39m - HHH90006001: Encountered incubating setting [hibernate.type.preferred_instant_jdbc_type].  See javadoc on corresponding `org.hibernate.cfg.AvailableSettings` constant for details.
2026-08-10 21:13:43.905 [main] &amp#27;[31mWARN &amp#27;[0;39m &amp#27;[36morg.hibernate.orm.incubating&amp#27;[0;39m - HHH90006001: Encountered incubating setting [hibernate.type.preferred_instant_jdbc_type].  See javadoc on corresponding `org.hibernate.cfg.AvailableSettings` constant for details.
2026-08-10 21:13:43.905 [main] &amp#27;[31mWARN &amp#27;[0;39m &amp#27;[36morg.hibernate.orm.incubating&amp#27;[0;39m - HHH90006001: Encountered incubating setting [hibernate.type.preferred_instant_jdbc_type].  See javadoc on corresponding `org.hibernate.cfg.AvailableSettings` constant for details.
2026-08-10 21:13:43.905 [main] &amp#27;[31mWARN &amp#27;[0;39m &amp#27;[36morg.hibernate.orm.incubating&amp#27;[0;39m - HHH90006001: Encountered incubating setting [hibernate.type.preferred_instant_jdbc_type].  See javadoc on corresponding `org.hibernate.cfg.AvailableSettings` constant for details.
2026-08-10 21:13:43.905 [main] &amp#27;[31mWARN &amp#27;[0;39m &amp#27;[36morg.hibernate.orm.incubating&amp#27;[0;39m - HHH90006001: Encountered incubating setting [hibernate.type.preferred_instant_jdbc_type].  See javadoc on corresponding `org.hibernate.cfg.AvailableSettings` constant for details.
2026-08-10 21:13:43.905 [main] &amp#27;[31mWARN &amp#27;[0;39m &amp#27;[36morg.hibernate.orm.incubating&amp#27;[0;39m - HHH90006001: Encountered incubating setting [hibernate.type.preferred_instant_jdbc_type].  See javadoc on corresponding `org.hibernate.cfg.AvailableSettings` constant for details.
2026-08-10 21:13:43.905 [main] &amp#27;[31mWARN &amp#27;[0;39m &amp#27;[36morg.hibernate.orm.incubating&amp#27;[0;39m - HHH90006001: Encountered incubating setting [hibernate.type.preferred_instant_jdbc_type].  See javadoc on corresponding `org.hibernate.cfg.AvailableSettings` constant for details.
2026-08-10 21:13:43.921 [main] &amp#27;[31mWARN &amp#27;[0;39m &amp#27;[36morg.hibernate.orm.incubating&amp#27;[0;39m - HHH90006001: Encountered incubating setting [hibernate.type.preferred_instant_jdbc_type].  See javadoc on corresponding `org.hibernate.cfg.AvailableSettings` constant for details.
2026-08-10 21:13:43.921 [main] &amp#27;[31mWARN &amp#27;[0;39m &amp#27;[36morg.hibernate.orm.incubating&amp#27;[0;39m - HHH90006001: Encountered incubating setting [hibernate.type.preferred_instant_jdbc_type].  See javadoc on corresponding `org.hibernate.cfg.AvailableSettings` constant for details.
2026-08-10 21:13:43.921 [main] &amp#27;[31mWARN &amp#27;[0;39m &amp#27;[36morg.hibernate.orm.incubating&amp#27;[0;39m - HHH90006001: Encountered incubating setting [hibernate.type.preferred_instant_jdbc_type].  See javadoc on corresponding `org.hibernate.cfg.AvailableSettings` constant for details.
2026-08-10 21:13:43.921 [main] &amp#27;[31mWARN &amp#27;[0;39m &amp#27;[36morg.hibernate.orm.incubating&amp#27;[0;39m - HHH90006001: Encountered incubating setting [hibernate.type.preferred_instant_jdbc_type].  See javadoc on corresponding `org.hibernate.cfg.AvailableSettings` constant for details.
2026-08-10 21:13:43.921 [main] &amp#27;[31mWARN &amp#27;[0;39m &amp#27;[36morg.hibernate.orm.incubating&amp#27;[0;39m - HHH90006001: Encountered incubating setting [hibernate.type.preferred_instant_jdbc_type].  See javadoc on corresponding `org.hibernate.cfg.AvailableSettings` constant for details.
2026-08-10 21:13:43.921 [main] &amp#27;[31mWARN &amp#27;[0;39m &amp#27;[36morg.hibernate.orm.incubating&amp#27;[0;39m - HHH90006001: Encountered incubating setting [hibernate.type.preferred_instant_jdbc_type].  See javadoc on corresponding `org.hibernate.cfg.AvailableSettings` constant for details.
2026-08-10 21:13:43.921 [main] &amp#27;[31mWARN &amp#27;[0;39m &amp#27;[36morg.hibernate.orm.incubating&amp#27;[0;39m - HHH90006001: Encountered incubating setting [hibernate.type.preferred_instant_jdbc_type].  See javadoc on corresponding `org.hibernate.cfg.AvailableSettings` constant for details.
2026-08-10 21:13:43.921 [main] &amp#27;[31mWARN &amp#27;[0;39m &amp#27;[36morg.hibernate.orm.incubating&amp#27;[0;39m - HHH90006001: Encountered incubating setting [hibernate.type.preferred_instant_jdbc_type].  See javadoc on corresponding `org.hibernate.cfg.AvailableSettings` constant for details.
2026-08-10 21:13:43.921 [main] &amp#27;[31mWARN &amp#27;[0;39m &amp#27;[36morg.hibernate.orm.incubating&amp#27;[0;39m - HHH90006001: Encountered incubating setting [hibernate.type.preferred_instant_jdbc_type].  See javadoc on corresponding `org.hibernate.cfg.AvailableSettings` constant for details.
2026-08-10 21:13:43.921 [main] &amp#27;[31mWARN &amp#27;[0;39m &amp#27;[36morg.hibernate.orm.incubating&amp#27;[0;39m - HHH90006001: Encountered incubating setting [hibernate.type.preferred_instant_jdbc_type].  See javadoc on corresponding `org.hibernate.cfg.AvailableSettings` constant for details.
2026-08-10 21:13:43.921 [main] &amp#27;[31mWARN &amp#27;[0;39m &amp#27;[36morg.hibernate.orm.incubating&amp#27;[0;39m - HHH90006001: Encountered incubating setting [hibernate.type.preferred_instant_jdbc_type].  See javadoc on corresponding `org.hibernate.cfg.AvailableSettings` constant for details.
2026-08-10 21:13:43.921 [main] &amp#27;[31mWARN &amp#27;[0;39m &amp#27;[36morg.hibernate.orm.incubating&amp#27;[0;39m - HHH90006001: Encountered incubating setting [hibernate.type.preferred_instant_jdbc_type].  See javadoc on corresponding `org.hibernate.cfg.AvailableSettings` constant for details.
2026-08-10 21:13:43.921 [main] &amp#27;[31mWARN &amp#27;[0;39m &amp#27;[36morg.hibernate.orm.incubating&amp#27;[0;39m - HHH90006001: Encountered incubating setting [hibernate.type.preferred_instant_jdbc_type].  See javadoc on corresponding `org.hibernate.cfg.AvailableSettings` constant for details.
2026-08-10 21:13:43.921 [main] &amp#27;[31mWARN &amp#27;[0;39m &amp#27;[36morg.hibernate.orm.incubating&amp#27;[0;39m - HHH90006001: Encountered incubating setting [hibernate.type.preferred_instant_jdbc_type].  See javadoc on corresponding `org.hibernate.cfg.AvailableSettings` constant for details.
2026-08-10 21:13:43.921 [main] &amp#27;[31mWARN &amp#27;[0;39m &amp#27;[36morg.hibernate.orm.incubating&amp#27;[0;39m - HHH90006001: Encountered incubating setting [hibernate.type.preferred_instant_jdbc_type].  See javadoc on corresponding `org.hibernate.cfg.AvailableSettings` constant for details.
2026-08-10 21:13:43.921 [main] &amp#27;[31mWARN &amp#27;[0;39m &amp#27;[36morg.hibernate.orm.incubating&amp#27;[0;39m - HHH90006001: Encountered incubating setting [hibernate.type.preferred_instant_jdbc_type].  See javadoc on corresponding `org.hibernate.cfg.AvailableSettings` constant for details.
2026-08-10 21:13:43.921 [main] &amp#27;[31mWARN &amp#27;[0;39m &amp#27;[36morg.hibernate.orm.incubating&amp#27;[0;39m - HHH90006001: Encountered incubating setting [hibernate.type.preferred_instant_jdbc_type].  See javadoc on corresponding `org.hibernate.cfg.AvailableSettings` constant for details.
2026-08-10 21:13:43.921 [main] &amp#27;[31mWARN &amp#27;[0;39m &amp#27;[36morg.hibernate.orm.incubating&amp#27;[0;39m - HHH90006001: Encountered incubating setting [hibernate.type.preferred_instant_jdbc_type].  See javadoc on corresponding `org.hibernate.cfg.AvailableSettings` constant for details.
2026-08-10 21:13:43.921 [main] &amp#27;[31mWARN &amp#27;[0;39m &amp#27;[36morg.hibernate.orm.incubating&amp#27;[0;39m - HHH90006001: Encountered incubating setting [hibernate.type.preferred_instant_jdbc_type].  See javadoc on corresponding `org.hibernate.cfg.AvailableSettings` constant for details.
2026-08-10 21:13:43.921 [main] &amp#27;[31mWARN &amp#27;[0;39m &amp#27;[36morg.hibernate.orm.incubating&amp#27;[0;39m - HHH90006001: Encountered incubating setting [hibernate.type.preferred_instant_jdbc_type].  See javadoc on corresponding `org.hibernate.cfg.AvailableSettings` constant for details.
2026-08-10 21:13:43.921 [main] &amp#27;[31mWARN &amp#27;[0;39m &amp#27;[36morg.hibernate.orm.incubating&amp#27;[0;39m - HHH90006001: Encountered incubating setting [hibernate.type.preferred_instant_jdbc_type].  See javadoc on corresponding `org.hibernate.cfg.AvailableSettings` constant for details.
2026-08-10 21:13:43.921 [main] &amp#27;[31mWARN &amp#27;[0;39m &amp#27;[36morg.hibernate.orm.incubating&amp#27;[0;39m - HHH90006001: Encountered incubating setting [hibernate.type.preferred_instant_jdbc_type].  See javadoc on corresponding `org.hibernate.cfg.AvailableSettings` constant for details.
2026-08-10 21:13:43.921 [main] &amp#27;[31mWARN &amp#27;[0;39m &amp#27;[36morg.hibernate.orm.incubating&amp#27;[0;39m - HHH90006001: Encountered incubating setting [hibernate.type.preferred_instant_jdbc_type].  See javadoc on corresponding `org.hibernate.cfg.AvailableSettings` constant for details.
2026-08-10 21:13:43.953 [main] &amp#27;[31mWARN &amp#27;[0;39m &amp#27;[36morg.hibernate.orm.incubating&amp#27;[0;39m - HHH90006001: Encountered incubating setting [hibernate.type.preferred_instant_jdbc_type].  See javadoc on corresponding `org.hibernate.cfg.AvailableSettings` constant for details.
2026-08-10 21:13:44.302 [main] &amp#27;[34mINFO &amp#27;[0;39m &amp#27;[36mo.h.e.t.j.p.i.JtaPlatformInitiator&amp#27;[0;39m - HHH000489: No JTA platform available (set 'hibernate.transaction.jta.platform' to enable JTA platform integration)
Hibernate: 
    drop table if exists activities cascade 
Hibernate: 
    drop table if exists audit_logs cascade 
Hibernate: 
    drop table if exists board_columns cascade 
Hibernate: 
    drop table if exists boards cascade 
Hibernate: 
    drop table if exists bookmarks cascade 
Hibernate: 
    drop table if exists feed_comments cascade 
Hibernate: 
    drop table if exists feed_post_likes cascade 
Hibernate: 
    drop table if exists feed_posts cascade 
Hibernate: 
    drop table if exists file_attachments cascade 
Hibernate: 
    drop table if exists github_connections cascade 
Hibernate: 
    drop table if exists join_requests cascade 
Hibernate: 
    drop table if exists messages cascade 
Hibernate: 
    drop table if exists notifications cascade 
Hibernate: 
    drop table if exists pinned_projects cascade 
Hibernate: 
    drop table if exists project_github_links cascade 
Hibernate: 
    drop table if exists project_invitations cascade 
Hibernate: 
    drop table if exists project_members cascade 
Hibernate: 
    drop table if exists projects cascade 
Hibernate: 
    drop table if exists recent_searches cascade 
Hibernate: 
    drop table if exists refresh_tokens cascade 
Hibernate: 
    drop table if exists reports cascade 
Hibernate: 
    drop table if exists tasks cascade 
Hibernate: 
    drop table if exists team_room_participants cascade 
Hibernate: 
    drop table if exists team_rooms cascade 
Hibernate: 
    drop table if exists users cascade 
Hibernate: 
    create table activities (
        created_at timestamp(6) not null,
        updated_at timestamp(6) not null,
        description TEXT,
        id varchar(255) not null,
        metadata TEXT,
        project_id varchar(255),
        title varchar(255) not null,
        user_id varchar(255) not null,
        activity_type enum ('COMMENT_ADDED','FILE_UPLOADED','INVITATION_ACCEPTED','INVITATION_SENT','JOIN_APPROVED','JOIN_REQUESTED','MEMBER_ROLE_CHANGED','MESSAGE_SENT','POST_CREATED','PROJECT_ARCHIVED','PROJECT_CREATED','PROJECT_DELETED','PROJECT_RESTORED','PROJECT_UPDATED','PROJECT_VISIBILITY_CHANGED','REPORT_REJECTED','REPORT_RESOLVED','ROLE_CHANGED','TASK_ASSIGNED','TASK_COMPLETED','TASK_CREATED','TASK_DELETED','TASK_MOVED','TASK_UPDATED','USER_BLOCKED','USER_JOINED_PROJECT','USER_LEFT_PROJECT','USER_UNBLOCKED') not null,
        primary key (id)
    )
Hibernate: 
    create table audit_logs (
        created_at timestamp(6) not null,
        updated_at timestamp(6) not null,
        browser varchar(32),
        device varchar(32),
        ip_address varchar(64),
        details TEXT,
        id varchar(255) not null,
        performed_by varchar(255),
        target_user varchar(255),
        action enum ('ADMIN_CREATED','EMAIL_CHANGED','GITHUB_CONNECTED','GITHUB_DISCONNECTED','JWT_REFRESH','LOGIN_FAILURE','LOGIN_SUCCESS','LOGOUT','MODERATION_ACTION','OAUTH_LOGIN','OTP_VERIFIED','PASSWORD_CHANGED','PASSWORD_RESET','PROJECT_ARCHIVED','PROJECT_DELETED','PROJECT_RESTORED','REGISTER','REPO_LINKED','REPO_UNLINKED','ROLE_CHANGED','USER_BLOCKED','USER_DELETED','USER_UNBLOCKED','VISIBILITY_CHANGED') not null,
        status enum ('FAILURE','SUCCESS') not null,
        primary key (id)
    )
Hibernate: 
    create table board_columns (
        max_tasks integer,
        position integer not null,
        created_at timestamp(6) not null,
        updated_at timestamp(6) not null,
        board_id varchar(255) not null,
        color varchar(255),
        id varchar(255) not null,
        name varchar(255) not null,
        primary key (id)
    )
Hibernate: 
    create table boards (
        created_at timestamp(6) not null,
        updated_at timestamp(6) not null,
        created_by varchar(255) not null,
        description TEXT,
        id varchar(255) not null,
        name varchar(255) not null,
        project_id varchar(255) not null,
        primary key (id)
    )
Hibernate: 
    create table bookmarks (
        created_at timestamp(6) not null,
        updated_at timestamp(6) not null,
        entity_id varchar(255) not null,
        entity_type varchar(255) not null,
        id varchar(255) not null,
        user_id varchar(255) not null,
        primary key (id),
        constraint uk_bookmark unique (user_id, entity_type, entity_id)
    )
Hibernate: 
    create table feed_comments (
        hidden boolean not null,
        created_at timestamp(6) not null,
        updated_at timestamp(6) not null,
        post_id varchar(36) not null,
        user_id varchar(36) not null,
        content TEXT not null,
        id varchar(255) not null,
        primary key (id)
    )
Hibernate: 
    create table feed_post_likes (
        created_at timestamp(6) not null,
        updated_at timestamp(6) not null,
        post_id varchar(36) not null,
        user_id varchar(36) not null,
        id varchar(255) not null,
        primary key (id),
        unique (user_id, post_id)
    )
Hibernate: 
    create table feed_posts (
        hidden boolean not null,
        created_at timestamp(6) not null,
        updated_at timestamp(6) not null,
        user_id varchar(36) not null,
        image_url varchar(2048),
        content TEXT not null,
        id varchar(255) not null,
        post_type varchar(255) not null,
        primary key (id)
    )
Hibernate: 
    create table file_attachments (
        created_at timestamp(6) not null,
        size bigint not null,
        updated_at timestamp(6) not null,
        url varchar(500) not null,
        content_type varchar(255),
        context_id varchar(255),
        id varchar(255) not null,
        original_name varchar(255) not null,
        project_id varchar(255),
        stored_name varchar(255) not null,
        uploader_id varchar(255) not null,
        context_type enum ('FEED_COMMENT','MESSAGE','POST','TASK_COMMENT') not null,
        primary key (id)
    )
Hibernate: 
    create table github_connections (
        connected_at timestamp(6) not null,
        created_at timestamp(6) not null,
        last_synced_at timestamp(6),
        updated_at timestamp(6) not null,
        encrypted_access_token TEXT not null,
        github_username varchar(255) not null,
        id varchar(255) not null,
        token_scopes varchar(255),
        user_id varchar(255) not null unique,
        primary key (id)
    )
Hibernate: 
    create table join_requests (
        created_at timestamp(6) not null,
        updated_at timestamp(6) not null,
        message varchar(500),
        id varchar(255) not null,
        project_id varchar(255) not null,
        user_id varchar(255) not null,
        status enum ('APPROVED','PENDING','REJECTED') not null,
        primary key (id),
        constraint uk_join_request unique (project_id, user_id)
    )
Hibernate: 
    create table messages (
        hidden boolean not null,
        is_system_message boolean,
        created_at timestamp(6) not null,
        updated_at timestamp(6) not null,
        attachment_id varchar(255),
        content TEXT not null,
        id varchar(255) not null,
        message_type varchar(255) not null,
        receiver_id varchar(255),
        room_id varchar(255),
        sender_id varchar(255) not null,
        primary key (id)
    )
Hibernate: 
    create table notifications (
        is_read boolean,
        created_at timestamp(6) not null,
        updated_at timestamp(6) not null,
        action_url varchar(255),
        actor_avatar varchar(255),
        actor_id varchar(255),
        actor_name varchar(255),
        id varchar(255) not null,
        message TEXT,
        reference_id varchar(255),
        reference_type varchar(255),
        title varchar(255) not null,
        type varchar(255) not null,
        user_id varchar(255) not null,
        primary key (id)
    )
Hibernate: 
    create table pinned_projects (
        position integer not null,
        created_at timestamp(6) not null,
        updated_at timestamp(6) not null,
        id varchar(255) not null,
        project_id varchar(255) not null,
        user_id varchar(255) not null,
        primary key (id),
        constraint uk_pinned unique (user_id, project_id)
    )
Hibernate: 
    create table project_github_links (
        created_at timestamp(6) not null,
        linked_at timestamp(6) not null,
        repo_id bigint not null unique,
        updated_at timestamp(6) not null,
        id varchar(255) not null,
        linked_by varchar(255) not null,
        project_id varchar(255) not null unique,
        repo_default_branch varchar(255),
        repo_description varchar(255),
        repo_full_name varchar(255) not null,
        repo_language varchar(255),
        repo_url varchar(255) not null,
        repo_visibility varchar(255),
        primary key (id)
    )
Hibernate: 
    create table project_invitations (
        created_at timestamp(6) not null,
        expires_at timestamp(6) not null,
        updated_at timestamp(6) not null,
        message varchar(500),
        id varchar(255) not null,
        project_id varchar(255) not null,
        receiver_id varchar(255) not null,
        sender_id varchar(255) not null,
        status enum ('ACCEPTED','DECLINED','EXPIRED','PENDING') not null,
        primary key (id)
    )
Hibernate: 
    create table project_members (
        created_at timestamp(6) not null,
        updated_at timestamp(6) not null,
        id varchar(255) not null,
        project_id varchar(255) not null,
        user_id varchar(255) not null,
        role enum ('ADMIN','MEMBER','OWNER','VIEWER') not null,
        primary key (id),
        unique (project_id, user_id)
    )
Hibernate: 
    create table projects (
        deleted boolean not null,
        created_at timestamp(6) not null,
        deleted_at timestamp(6),
        updated_at timestamp(6) not null,
        description TEXT,
        id varchar(255) not null,
        image_url varchar(255),
        name varchar(255) not null,
        owner_id varchar(255) not null,
        repository_url varchar(255),
        status enum ('ACTIVE','ARCHIVED','COMPLETED') not null,
        visibility enum ('PRIVATE','PUBLIC') not null,
        primary key (id)
    )
Hibernate: 
    create table recent_searches (
        created_at timestamp(6) not null,
        updated_at timestamp(6) not null,
        id varchar(255) not null,
        keyword varchar(255) not null,
        user_id varchar(255) not null,
        primary key (id)
    )
Hibernate: 
    create table refresh_tokens (
        created_at timestamp(6) not null,
        expires_at timestamp(6) not null,
        revoked_at timestamp(6),
        updated_at timestamp(6) not null,
        family_id varchar(36) not null,
        ip_address varchar(64),
        replaced_by varchar(64),
        token_hash varchar(64) not null unique,
        id varchar(255) not null,
        user_agent varchar(255),
        user_id varchar(255) not null,
        primary key (id)
    )
Hibernate: 
    create table reports (
        created_at timestamp(6) not null,
        reviewed_at timestamp(6),
        updated_at timestamp(6) not null,
        description TEXT,
        entity_id varchar(255) not null,
        id varchar(255) not null,
        reporter_id varchar(255) not null,
        reviewed_by varchar(255),
        entity_type enum ('COMMENT','MESSAGE','POST','PROJECT','USER') not null,
        reason enum ('ABUSE','COPYRIGHT','FAKE_ACCOUNT','HARASSMENT','INAPPROPRIATE_CONTENT','OTHER','SPAM') not null,
        status enum ('PENDING','REJECTED','RESOLVED','UNDER_REVIEW') not null,
        primary key (id)
    )
Hibernate: 
    create table tasks (
        position integer not null,
        created_at timestamp(6) not null,
        due_date timestamp(6),
        updated_at timestamp(6) not null,
        assignee_id varchar(255),
        board_id varchar(255) not null,
        column_id varchar(255) not null,
        description TEXT,
        id varchar(255) not null,
        labels varchar(255),
        title varchar(255) not null,
        priority enum ('CRITICAL','HIGH','LOW','MEDIUM'),
        primary key (id)
    )
Hibernate: 
    create table team_room_participants (
        created_at timestamp(6) not null,
        updated_at timestamp(6) not null,
        id varchar(255) not null,
        invited_by varchar(255),
        room_id varchar(255) not null,
        user_id varchar(255) not null,
        primary key (id),
        unique (room_id, user_id)
    )
Hibernate: 
    create table team_rooms (
        created_at timestamp(6) not null,
        updated_at timestamp(6) not null,
        created_by varchar(255) not null,
        description TEXT,
        id varchar(255) not null,
        name varchar(255) not null,
        project_id varchar(255),
        primary key (id)
    )
Hibernate: 
    create table users (
        blocked boolean not null,
        deleted boolean not null,
        email_verified boolean,
        created_at timestamp(6) not null,
        deleted_at timestamp(6),
        last_active_at timestamp(6),
        last_login_at timestamp(6),
        updated_at timestamp(6) not null,
        auth_provider varchar(255),
        avatar_url varchar(255),
        bio varchar(255),
        company varchar(255),
        email varchar(255) not null unique,
        full_name varchar(255) not null,
        github_url varchar(255),
        id varchar(255) not null,
        job_title varchar(255),
        location varchar(255),
        password varchar(255) not null,
        twitter_url varchar(255),
        username varchar(255) unique,
        website_url varchar(255),
        presence_status enum ('AWAY','OFFLINE','ONLINE') not null,
        role enum ('ADMIN','USER') not null,
        primary key (id)
    )
Hibernate: 
    create index idx_bookmarks_user 
       on bookmarks (user_id, created_at)
Hibernate: 
    create index idx_bookmarks_entity 
       on bookmarks (entity_type, entity_id)
Hibernate: 
    create index idx_att_uploader 
       on file_attachments (uploader_id)
Hibernate: 
    create index idx_att_context 
       on file_attachments (context_type, context_id)
Hibernate: 
    create index idx_jr_project 
       on join_requests (project_id, status)
Hibernate: 
    create index idx_jr_user 
       on join_requests (user_id)
Hibernate: 
    create index idx_pinned_user 
       on pinned_projects (user_id, position)
Hibernate: 
    create index idx_inv_project 
       on project_invitations (project_id)
Hibernate: 
    create index idx_inv_receiver 
       on project_invitations (receiver_id, status)
Hibernate: 
    create index idx_inv_sender 
       on project_invitations (sender_id)
Hibernate: 
    create index idx_recent_user 
       on recent_searches (user_id, created_at)
Hibernate: 
    create index idx_refresh_user 
       on refresh_tokens (user_id)
Hibernate: 
    create index idx_refresh_family 
       on refresh_tokens (family_id)
Hibernate: 
    create index idx_refresh_expires 
       on refresh_tokens (expires_at)
Hibernate: 
    create index idx_reports_status 
       on reports (status)
Hibernate: 
    create index idx_reports_entity 
       on reports (entity_type, entity_id)
Hibernate: 
    create index idx_reports_reporter 
       on reports (reporter_id)
2026-08-10 21:13:44.385 [main] &amp#27;[34mINFO &amp#27;[0;39m &amp#27;[36mo.s.o.j.LocalContainerEntityManagerFactoryBean&amp#27;[0;39m - Initialized JPA EntityManagerFactory for persistence unit 'default'
2026-08-10 21:13:45.844 [main] &amp#27;[34mINFO &amp#27;[0;39m &amp#27;[36mc.d.a.AnalyticsAggregationRepositoryTest&amp#27;[0;39m - Started AnalyticsAggregationRepositoryTest in 3.508 seconds (process running for 45.112)
Hibernate: 
    select
        cast(a1_0.created_at as date),
        count(a1_0.id) 
    from
        activities a1_0 
    where
        a1_0.created_at>=? 
        and a1_0.created_at<? 
    group by
        cast(a1_0.created_at as date)
Hibernate: 
    select
        cast(u1_0.created_at as date),
        count(u1_0.id) 
    from
        users u1_0 
    where
        u1_0.created_at>=? 
        and u1_0.created_at<? 
    group by
        cast(u1_0.created_at as date)
Hibernate: 
    select
        cast(p1_0.created_at as date),
        count(p1_0.id) 
    from
        projects p1_0 
    where
        p1_0.created_at>=? 
        and p1_0.created_at<? 
    group by
        cast(p1_0.created_at as date)
Hibernate: 
    select
        cast(r1_0.created_at as date),
        count(r1_0.id) 
    from
        reports r1_0 
    where
        r1_0.created_at>=? 
        and r1_0.created_at<? 
    group by
        cast(r1_0.created_at as date)
]]></system-out>
  </testcase>
  <testcase name="userGroupedByDay_shouldAggregateRegistrations" classname="com.devsync.analytics.AnalyticsAggregationRepositoryTest" time="0.086">
    <system-out><![CDATA[Hibernate: 
    INSERT 
    INTO
        users
        (id, email, password, full_name, role, presence_status, blocked, deleted, created_at, updated_at) 
    VALUES
        (?, ?, ?, ?, ?, ?, ?, ?, ?, ?)
Hibernate: 
    INSERT 
    INTO
        users
        (id, email, password, full_name, role, presence_status, blocked, deleted, created_at, updated_at) 
    VALUES
        (?, ?, ?, ?, ?, ?, ?, ?, ?, ?)
Hibernate: 
    INSERT 
    INTO
        users
        (id, email, password, full_name, role, presence_status, blocked, deleted, created_at, updated_at) 
    VALUES
        (?, ?, ?, ?, ?, ?, ?, ?, ?, ?)
Hibernate: 
    select
        cast(u1_0.created_at as date),
        count(u1_0.id) 
    from
        users u1_0 
    where
        u1_0.created_at>=? 
        and u1_0.created_at<? 
    group by
        cast(u1_0.created_at as date)
]]></system-out>
  </testcase>
  <testcase name="activityGroupedByDayForUser_shouldScopeToUser" classname="com.devsync.analytics.AnalyticsAggregationRepositoryTest" time="0.015">
    <system-out><![CDATA[Hibernate: 
    INSERT 
    INTO
        activities
        (id, user_id, activity_type, title, created_at, updated_at) 
    VALUES
        (?, ?, ?, ?, ?, ?)
Hibernate: 
    INSERT 
    INTO
        activities
        (id, user_id, activity_type, title, created_at, updated_at) 
    VALUES
        (?, ?, ?, ?, ?, ?)
Hibernate: 
    select
        cast(a1_0.created_at as date),
        count(a1_0.id) 
    from
        activities a1_0 
    where
        a1_0.user_id=? 
        and a1_0.created_at>=? 
        and a1_0.created_at<? 
    group by
        cast(a1_0.created_at as date)
]]></system-out>
  </testcase>
  <testcase name="projectGroupedByDay_shouldAggregateCreations" classname="com.devsync.analytics.AnalyticsAggregationRepositoryTest" time="0.018">
    <system-out><![CDATA[Hibernate: 
    INSERT 
    INTO
        projects
        (id, name, owner_id, status, visibility, deleted, created_at, updated_at) 
    VALUES
        (?, ?, ?, ?, ?, ?, ?, ?)
Hibernate: 
    INSERT 
    INTO
        projects
        (id, name, owner_id, status, visibility, deleted, created_at, updated_at) 
    VALUES
        (?, ?, ?, ?, ?, ?, ?, ?)
Hibernate: 
    INSERT 
    INTO
        projects
        (id, name, owner_id, status, visibility, deleted, created_at, updated_at) 
    VALUES
        (?, ?, ?, ?, ?, ?, ?, ?)
Hibernate: 
    select
        cast(p1_0.created_at as date),
        count(p1_0.id) 
    from
        projects p1_0 
    where
        p1_0.created_at>=? 
        and p1_0.created_at<? 
    group by
        cast(p1_0.created_at as date)
]]></system-out>
  </testcase>
  <testcase name="activityGroupedByDay_shouldAggregateAcrossDays" classname="com.devsync.analytics.AnalyticsAggregationRepositoryTest" time="0.034">
    <system-out><![CDATA[Hibernate: 
    INSERT 
    INTO
        activities
        (id, user_id, activity_type, title, created_at, updated_at) 
    VALUES
        (?, ?, ?, ?, ?, ?)
Hibernate: 
    INSERT 
    INTO
        activities
        (id, user_id, activity_type, title, created_at, updated_at) 
    VALUES
        (?, ?, ?, ?, ?, ?)
Hibernate: 
    INSERT 
    INTO
        activities
        (id, user_id, activity_type, title, created_at, updated_at) 
    VALUES
        (?, ?, ?, ?, ?, ?)
Hibernate: 
    select
        cast(a1_0.created_at as date),
        count(a1_0.id) 
    from
        activities a1_0 
    where
        a1_0.created_at>=? 
        and a1_0.created_at<? 
    group by
        cast(a1_0.created_at as date)
]]></system-out>
  </testcase>
  <testcase name="groupedQueries_shouldIgnoreRowsOutsideWindow" classname="com.devsync.analytics.AnalyticsAggregationRepositoryTest" time="0.017">
    <system-out><![CDATA[Hibernate: 
    INSERT 
    INTO
        activities
        (id, user_id, activity_type, title, created_at, updated_at) 
    VALUES
        (?, ?, ?, ?, ?, ?)
Hibernate: 
    select
        cast(a1_0.created_at as date),
        count(a1_0.id) 
    from
        activities a1_0 
    where
        a1_0.created_at>=? 
        and a1_0.created_at<? 
    group by
        cast(a1_0.created_at as date)
]]></system-out>
  </testcase>
  <testcase name="reportGroupedByDay_shouldAggregateReports" classname="com.devsync.analytics.AnalyticsAggregationRepositoryTest" time="0.018">
    <system-out><![CDATA[Hibernate: 
    INSERT 
    INTO
        reports
        (id, reporter_id, entity_type, entity_id, reason, status, created_at, updated_at) 
    VALUES
        (?, ?, ?, ?, ?, ?, ?, ?)
Hibernate: 
    INSERT 
    INTO
        reports
        (id, reporter_id, entity_type, entity_id, reason, status, created_at, updated_at) 
    VALUES
        (?, ?, ?, ?, ?, ?, ?, ?)
Hibernate: 
    select
        cast(r1_0.created_at as date),
        count(r1_0.id) 
    from
        reports r1_0 
    where
        r1_0.created_at>=? 
        and r1_0.created_at<? 
    group by
        cast(r1_0.created_at as date)
]]></system-out>
  </testcase>
  <testcase name="activityGroupedByDayAndType_shouldFilterByType" classname="com.devsync.analytics.AnalyticsAggregationRepositoryTest" time="0.016">
    <system-out><![CDATA[Hibernate: 
    INSERT 
    INTO
        activities
        (id, user_id, activity_type, title, created_at, updated_at) 
    VALUES
        (?, ?, ?, ?, ?, ?)
Hibernate: 
    INSERT 
    INTO
        activities
        (id, user_id, activity_type, title, created_at, updated_at) 
    VALUES
        (?, ?, ?, ?, ?, ?)
Hibernate: 
    select
        cast(a1_0.created_at as date),
        count(a1_0.id) 
    from
        activities a1_0 
    where
        a1_0.activity_type=? 
        and a1_0.created_at>=? 
        and a1_0.created_at<? 
    group by
        cast(a1_0.created_at as date)
]]></system-out>
  </testcase>
</testsuite>